TpTrace Verbose: 0 : 16600, 1, 2021/07/13, 10:22:43.109, 1323298258090, vstest.console.dll, Version: 16.9.0-release-20210216-04
TpTrace Information: 0 : 16600, 1, 2021/07/13, 10:22:43.118, 1323298332797, vstest.console.dll, FilePatternParser: The given file C:\Users\RafaelAlamanac\Desktop\GrillMaster\FunctionalTests\bin\Debug\net5.0\fine-code-coverage\build-output\FunctionalTests.dll is a full path.
TpTrace Verbose: 0 : 16600, 1, 2021/07/13, 10:22:43.129, 1323298439296, vstest.console.dll, TestPluginCache.DiscoverTestExtensions: finding test extensions in assemblies ends with: RuntimeProvider.dll TPluginInfo: Microsoft.VisualStudio.TestPlatform.Common.ExtensionFramework.Utilities.TestRuntimePluginInformation TExtension: Microsoft.VisualStudio.TestPlatform.ObjectModel.Host.ITestRuntimeProvider
TpTrace Verbose: 0 : 16600, 1, 2021/07/13, 10:22:43.129, 1323298445334, vstest.console.dll, TestPluginCache.GetExtensionPaths: Filtered extension paths: 
TpTrace Verbose: 0 : 16600, 1, 2021/07/13, 10:22:43.129, 1323298446089, vstest.console.dll, TestPluginCache.GetExtensionPaths: Added default extension paths: C:\Program Files\dotnet\sdk\5.0.200\Extensions\Microsoft.Diagnostics.NETCore.Client.dll
C:\Program Files\dotnet\sdk\5.0.200\Extensions\Microsoft.TestPlatform.Extensions.BlameDataCollector.dll
C:\Program Files\dotnet\sdk\5.0.200\Extensions\Microsoft.TestPlatform.Extensions.EventLogCollector.dll
C:\Program Files\dotnet\sdk\5.0.200\Extensions\Microsoft.TestPlatform.TestHostRuntimeProvider.dll
C:\Program Files\dotnet\sdk\5.0.200\Extensions\Microsoft.VisualStudio.TestPlatform.Extensions.Html.TestLogger.dll
C:\Program Files\dotnet\sdk\5.0.200\Extensions\Microsoft.VisualStudio.TestPlatform.Extensions.Trx.TestLogger.dll
TpTrace Verbose: 0 : 16600, 1, 2021/07/13, 10:22:43.129, 1323298446404, vstest.console.dll, TestPluginCache.GetExtensionPaths: Added unfilterableExtensionPaths: 
TpTrace Information: 0 : 16600, 1, 2021/07/13, 10:22:43.130, 1323298452576, vstest.console.dll, AssemblyResolver.ctor: Creating AssemblyResolver with searchDirectories C:\Program Files\dotnet\sdk\5.0.200\Extensions,C:\Program Files\dotnet\sdk\5.0.200
TpTrace Verbose: 0 : 16600, 1, 2021/07/13, 10:22:43.131, 1323298459816, vstest.console.dll, TestPluginCache.DiscoverTestExtensions: Discovering the extensions using extension path.
TpTrace Verbose: 0 : 16600, 1, 2021/07/13, 10:22:43.131, 1323298460657, vstest.console.dll, TestPluginCache.GetExtensionPaths: Filtered extension paths: 
TpTrace Verbose: 0 : 16600, 1, 2021/07/13, 10:22:43.131, 1323298461037, vstest.console.dll, TestPluginCache.GetExtensionPaths: Added default extension paths: C:\Program Files\dotnet\sdk\5.0.200\Extensions\Microsoft.Diagnostics.NETCore.Client.dll
C:\Program Files\dotnet\sdk\5.0.200\Extensions\Microsoft.TestPlatform.Extensions.BlameDataCollector.dll
C:\Program Files\dotnet\sdk\5.0.200\Extensions\Microsoft.TestPlatform.Extensions.EventLogCollector.dll
C:\Program Files\dotnet\sdk\5.0.200\Extensions\Microsoft.TestPlatform.TestHostRuntimeProvider.dll
C:\Program Files\dotnet\sdk\5.0.200\Extensions\Microsoft.VisualStudio.TestPlatform.Extensions.Html.TestLogger.dll
C:\Program Files\dotnet\sdk\5.0.200\Extensions\Microsoft.VisualStudio.TestPlatform.Extensions.Trx.TestLogger.dll
TpTrace Verbose: 0 : 16600, 1, 2021/07/13, 10:22:43.131, 1323298461293, vstest.console.dll, TestPluginCache.GetExtensionPaths: Added unfilterableExtensionPaths: 
TpTrace Verbose: 0 : 16600, 1, 2021/07/13, 10:22:43.131, 1323298461773, vstest.console.dll, TestPluginCache.DiscoverTestExtensions: Discovering the extensions using allExtensionPaths: C:\Program Files\dotnet\sdk\5.0.200\Extensions\Microsoft.Diagnostics.NETCore.Client.dll
C:\Program Files\dotnet\sdk\5.0.200\Extensions\Microsoft.TestPlatform.Extensions.BlameDataCollector.dll
C:\Program Files\dotnet\sdk\5.0.200\Extensions\Microsoft.TestPlatform.Extensions.EventLogCollector.dll
C:\Program Files\dotnet\sdk\5.0.200\Extensions\Microsoft.TestPlatform.TestHostRuntimeProvider.dll
C:\Program Files\dotnet\sdk\5.0.200\Extensions\Microsoft.VisualStudio.TestPlatform.Extensions.Html.TestLogger.dll
C:\Program Files\dotnet\sdk\5.0.200\Extensions\Microsoft.VisualStudio.TestPlatform.Extensions.Trx.TestLogger.dll
TpTrace Information: 0 : 16600, 1, 2021/07/13, 10:22:43.131, 1323298462768, vstest.console.dll, AssemblyResolver.AddSearchDirectories: Adding more searchDirectories C:\Program Files\dotnet\sdk\5.0.200\Extensions,C:\Program Files\dotnet\sdk\5.0.200
TpTrace Information: 0 : 16600, 1, 2021/07/13, 10:22:43.131, 1323298463371, vstest.console.dll, AssemblyResolver.AddSearchDirectories: Adding more searchDirectories C:\Program Files\dotnet\sdk\5.0.200\Extensions,C:\Program Files\dotnet\sdk\5.0.200
TpTrace Information: 0 : 16600, 1, 2021/07/13, 10:22:43.131, 1323298463687, vstest.console.dll, AssemblyResolver.AddSearchDirectories: Adding more searchDirectories C:\Program Files\dotnet\sdk\5.0.200\Extensions,C:\Program Files\dotnet\sdk\5.0.200
TpTrace Information: 0 : 16600, 1, 2021/07/13, 10:22:43.131, 1323298463928, vstest.console.dll, AssemblyResolver.AddSearchDirectories: Adding more searchDirectories C:\Program Files\dotnet\sdk\5.0.200\Extensions,C:\Program Files\dotnet\sdk\5.0.200
TpTrace Information: 0 : 16600, 1, 2021/07/13, 10:22:43.131, 1323298464203, vstest.console.dll, AssemblyResolver.AddSearchDirectories: Adding more searchDirectories C:\Program Files\dotnet\sdk\5.0.200\Extensions,C:\Program Files\dotnet\sdk\5.0.200
TpTrace Information: 0 : 16600, 1, 2021/07/13, 10:22:43.131, 1323298464439, vstest.console.dll, AssemblyResolver.AddSearchDirectories: Adding more searchDirectories C:\Program Files\dotnet\sdk\5.0.200\Extensions,C:\Program Files\dotnet\sdk\5.0.200
TpTrace Information: 0 : 16600, 1, 2021/07/13, 10:22:43.131, 1323298467178, vstest.console.dll, AssemblyResolver.OnResolve: Microsoft.Diagnostics.NETCore.Client: Resolving assembly.
TpTrace Information: 0 : 16600, 1, 2021/07/13, 10:22:43.134, 1323298489958, vstest.console.dll, AssemblyResolver.OnResolve: Resolved assembly: Microsoft.Diagnostics.NETCore.Client, from path: C:\Program Files\dotnet\sdk\5.0.200\Extensions\Microsoft.Diagnostics.NETCore.Client.dll
TpTrace Information: 0 : 16600, 1, 2021/07/13, 10:22:43.136, 1323298511692, vstest.console.dll, AssemblyResolver.OnResolve: Microsoft.Bcl.AsyncInterfaces: Resolving assembly.
TpTrace Information: 0 : 16600, 1, 2021/07/13, 10:22:43.136, 1323298513187, vstest.console.dll, AssemblyResolver.OnResolve: Microsoft.Bcl.AsyncInterfaces: Failed to load assembly.
TpTrace Verbose: 0 : 16600, 1, 2021/07/13, 10:22:43.136, 1323298513570, vstest.console.dll, CurrentDomain_AssemblyResolve: Resolving assembly 'Microsoft.Bcl.AsyncInterfaces'.
TpTrace Information: 0 : 16600, 1, 2021/07/13, 10:22:43.136, 1323298514193, vstest.console.dll, AssemblyResolver.OnResolve: Microsoft.Bcl.AsyncInterfaces: Resolving assembly.
TpTrace Information: 0 : 16600, 1, 2021/07/13, 10:22:43.136, 1323298514537, vstest.console.dll, AssemblyResolver.OnResolve: Microsoft.Bcl.AsyncInterfaces: Resolved from cache.
TpTrace Verbose: 0 : 16600, 1, 2021/07/13, 10:22:43.136, 1323298514901, vstest.console.dll, CurrentDomain_AssemblyResolve: Resolving assembly 'Microsoft.Bcl.AsyncInterfaces'.
TpTrace Verbose: 0 : 16600, 1, 2021/07/13, 10:22:43.136, 1323298515212, vstest.console.dll, CurrentDomainAssemblyResolve: Failed to resolve assembly 'Microsoft.Bcl.AsyncInterfaces'.
TpTrace Verbose: 0 : 16600, 1, 2021/07/13, 10:22:43.137, 1323298521205, vstest.console.dll, CurrentDomainAssemblyResolve: Failed to resolve assembly 'Microsoft.Bcl.AsyncInterfaces'.
TpTrace Warning: 0 : 16600, 1, 2021/07/13, 10:22:43.162, 1323298768604, vstest.console.dll, TestPluginDiscoverer: Failed to get types from assembly 'Microsoft.Diagnostics.NETCore.Client, Version=0.2.2.41902, Culture=neutral, PublicKeyToken=31bf3856ad364e35'.  Skipping test extension scan for this assembly.  Error: System.Reflection.ReflectionTypeLoadException: Unable to load one or more of the requested types.
Could not load file or assembly 'Microsoft.Bcl.AsyncInterfaces, Version=1.0.0.0, Culture=neutral, PublicKeyToken=cc7b13ffcd2ddd51'. El sistema no puede encontrar el archivo especificado.
   at System.Reflection.RuntimeModule.GetTypes(RuntimeModule module)
   at System.Reflection.RuntimeModule.GetTypes()
   at System.Reflection.Assembly.GetTypes()
   at Microsoft.VisualStudio.TestPlatform.Common.ExtensionFramework.TestPluginDiscoverer.GetTestExtensionsFromAssembly[TPluginInfo,TExtension](Assembly assembly, Dictionary`2 pluginInfos)
System.IO.FileNotFoundException: Could not load file or assembly 'Microsoft.Bcl.AsyncInterfaces, Version=1.0.0.0, Culture=neutral, PublicKeyToken=cc7b13ffcd2ddd51'. El sistema no puede encontrar el archivo especificado.
File name: 'Microsoft.Bcl.AsyncInterfaces, Version=1.0.0.0, Culture=neutral, PublicKeyToken=cc7b13ffcd2ddd51'
TpTrace Warning: 0 : 16600, 1, 2021/07/13, 10:22:43.162, 1323298770025, vstest.console.dll, LoaderExceptions: System.IO.FileNotFoundException: Could not load file or assembly 'Microsoft.Bcl.AsyncInterfaces, Version=1.0.0.0, Culture=neutral, PublicKeyToken=cc7b13ffcd2ddd51'. El sistema no puede encontrar el archivo especificado.
File name: 'Microsoft.Bcl.AsyncInterfaces, Version=1.0.0.0, Culture=neutral, PublicKeyToken=cc7b13ffcd2ddd51'
TpTrace Information: 0 : 16600, 1, 2021/07/13, 10:22:43.162, 1323298771111, vstest.console.dll, AssemblyResolver.OnResolve: Microsoft.TestPlatform.Extensions.BlameDataCollector: Resolving assembly.
TpTrace Information: 0 : 16600, 1, 2021/07/13, 10:22:43.165, 1323298799151, vstest.console.dll, AssemblyResolver.OnResolve: Resolved assembly: Microsoft.TestPlatform.Extensions.BlameDataCollector, from path: C:\Program Files\dotnet\sdk\5.0.200\Extensions\Microsoft.TestPlatform.Extensions.BlameDataCollector.dll
TpTrace Information: 0 : 16600, 1, 2021/07/13, 10:22:43.166, 1323298808221, vstest.console.dll, AssemblyResolver.OnResolve: Microsoft.TestPlatform.Extensions.EventLogCollector: Resolving assembly.
TpTrace Information: 0 : 16600, 1, 2021/07/13, 10:22:43.167, 1323298820580, vstest.console.dll, AssemblyResolver.OnResolve: Resolved assembly: Microsoft.TestPlatform.Extensions.EventLogCollector, from path: C:\Program Files\dotnet\sdk\5.0.200\Extensions\Microsoft.TestPlatform.Extensions.EventLogCollector.dll
TpTrace Information: 0 : 16600, 1, 2021/07/13, 10:22:43.168, 1323298831118, vstest.console.dll, AssemblyResolver.OnResolve: Microsoft.TestPlatform.TestHostRuntimeProvider: Resolving assembly.
TpTrace Information: 0 : 16600, 1, 2021/07/13, 10:22:43.170, 1323298848506, vstest.console.dll, AssemblyResolver.OnResolve: Resolved assembly: Microsoft.TestPlatform.TestHostRuntimeProvider, from path: C:\Program Files\dotnet\sdk\5.0.200\Extensions\Microsoft.TestPlatform.TestHostRuntimeProvider.dll
TpTrace Information: 0 : 16600, 1, 2021/07/13, 10:22:43.171, 1323298861941, vstest.console.dll, AssemblyResolver.OnResolve: Microsoft.VisualStudio.TestPlatform.Extensions.Html.TestLogger: Resolving assembly.
TpTrace Information: 0 : 16600, 1, 2021/07/13, 10:22:43.173, 1323298884444, vstest.console.dll, AssemblyResolver.OnResolve: Resolved assembly: Microsoft.VisualStudio.TestPlatform.Extensions.Html.TestLogger, from path: C:\Program Files\dotnet\sdk\5.0.200\Extensions\Microsoft.VisualStudio.TestPlatform.Extensions.Html.TestLogger.dll
TpTrace Information: 0 : 16600, 1, 2021/07/13, 10:22:43.174, 1323298888410, vstest.console.dll, AssemblyResolver.OnResolve: Microsoft.VisualStudio.TestPlatform.Extensions.Trx.TestLogger: Resolving assembly.
TpTrace Information: 0 : 16600, 1, 2021/07/13, 10:22:43.177, 1323298919073, vstest.console.dll, AssemblyResolver.OnResolve: Resolved assembly: Microsoft.VisualStudio.TestPlatform.Extensions.Trx.TestLogger, from path: C:\Program Files\dotnet\sdk\5.0.200\Extensions\Microsoft.VisualStudio.TestPlatform.Extensions.Trx.TestLogger.dll
TpTrace Verbose: 0 : 16600, 1, 2021/07/13, 10:22:43.177, 1323298923560, vstest.console.dll, TestPluginCache: Discovered the extensions using extension path ''.
TpTrace Verbose: 0 : 16600, 1, 2021/07/13, 10:22:43.177, 1323298924000, vstest.console.dll, TestPluginCache: Discoverers are ''.
TpTrace Verbose: 0 : 16600, 1, 2021/07/13, 10:22:43.177, 1323298924286, vstest.console.dll, TestPluginCache: Executors are ''.
TpTrace Verbose: 0 : 16600, 1, 2021/07/13, 10:22:43.177, 1323298924939, vstest.console.dll, TestPluginCache: Executors2 are ''.
TpTrace Verbose: 0 : 16600, 1, 2021/07/13, 10:22:43.177, 1323298925215, vstest.console.dll, TestPluginCache: Setting providers are ''.
TpTrace Verbose: 0 : 16600, 1, 2021/07/13, 10:22:43.177, 1323298925426, vstest.console.dll, TestPluginCache: Loggers are ''.
TpTrace Information: 0 : 16600, 1, 2021/07/13, 10:22:43.181, 1323298966159, vstest.console.dll, RunTestsArgumentProcessor:Execute: Test run is starting.
TpTrace Verbose: 0 : 16600, 1, 2021/07/13, 10:22:43.181, 1323298966762, vstest.console.dll, RunTestsArgumentProcessor:Execute: Queuing Test run.
TpTrace Information: 0 : 16600, 1, 2021/07/13, 10:22:43.182, 1323298968139, vstest.console.dll, TestRequestManager.RunTests: run tests started.
TpTrace Information: 0 : 16600, 1, 2021/07/13, 10:22:43.184, 1323298992154, vstest.console.dll, AssemblyMetadataProvider.GetFrameWork: Determined framework:'.NETCoreApp,Version=v5.0' for source: 'C:\Users\RafaelAlamanac\Desktop\GrillMaster\FunctionalTests\bin\Debug\net5.0\fine-code-coverage\build-output\FunctionalTests.dll'
TpTrace Information: 0 : 16600, 1, 2021/07/13, 10:22:43.184, 1323298993481, vstest.console.dll, Determined framework for all sources: .NETCoreApp,Version=v5.0
TpTrace Information: 0 : 16600, 1, 2021/07/13, 10:22:43.184, 1323298996345, vstest.console.dll, AssemblyMetadataProvider.GetArchitecture: Determined architecture:AnyCPU info for assembly: C:\Users\RafaelAlamanac\Desktop\GrillMaster\FunctionalTests\bin\Debug\net5.0\fine-code-coverage\build-output\FunctionalTests.dll
TpTrace Information: 0 : 16600, 1, 2021/07/13, 10:22:43.186, 1323299010565, vstest.console.dll, Determined platform for all sources: X64
TpTrace Information: 0 : 16600, 1, 2021/07/13, 10:22:43.188, 1323299033501, vstest.console.dll, Compatible sources list : 
TpTrace Information: 0 : 16600, 1, 2021/07/13, 10:22:43.188, 1323299034678, vstest.console.dll, C:\Users\RafaelAlamanac\Desktop\GrillMaster\FunctionalTests\bin\Debug\net5.0\fine-code-coverage\build-output\FunctionalTests.dll
TpTrace Information: 0 : 16600, 1, 2021/07/13, 10:22:43.192, 1323299072470, vstest.console.dll, InferRunSettingsHelper.IsTestSettingsEnabled: Unable to navigate to RunSettings/MSTest. Current node: RunSettings
TpTrace Information: 0 : 16600, 1, 2021/07/13, 10:22:43.192, 1323299077859, vstest.console.dll, AssemblyResolver.OnResolve: Microsoft.VisualStudio.TestPlatform.Fakes: Resolving assembly.
TpTrace Information: 0 : 16600, 1, 2021/07/13, 10:22:43.193, 1323299079822, vstest.console.dll, AssemblyResolver.OnResolve: Microsoft.VisualStudio.TestPlatform.Fakes: Failed to load assembly.
TpTrace Information: 0 : 16600, 1, 2021/07/13, 10:22:43.194, 1323299088864, vstest.console.dll, Failed to create newly implemented Fakes Configurator. Reason:System.IO.FileNotFoundException: Could not load file or assembly 'Microsoft.VisualStudio.TestPlatform.Fakes, Version=16.0.0.0, Culture=neutral, PublicKeyToken=null'. El sistema no puede encontrar el archivo especificado.
File name: 'Microsoft.VisualStudio.TestPlatform.Fakes, Version=16.0.0.0, Culture=neutral, PublicKeyToken=null'
   at System.Reflection.RuntimeAssembly.InternalLoad(ObjectHandleOnStack assemblyName, ObjectHandleOnStack requestingAssembly, StackCrawlMarkHandle stackMark, Boolean throwOnFileNotFound, ObjectHandleOnStack assemblyLoadContext, ObjectHandleOnStack retAssembly)
   at System.Reflection.RuntimeAssembly.InternalLoad(AssemblyName assemblyName, RuntimeAssembly requestingAssembly, StackCrawlMark& stackMark, Boolean throwOnFileNotFound, AssemblyLoadContext assemblyLoadContext)
   at System.Reflection.Assembly.Load(AssemblyName assemblyRef)
   at Microsoft.VisualStudio.TestPlatform.Common.Utilities.FakesUtilities.TryGetFakesCrossPlatformDataCollectorConfigurator() 
TpTrace Verbose: 0 : 16600, 1, 2021/07/13, 10:22:43.197, 1323299124111, vstest.console.dll, TestPluginCache.DiscoverTestExtensions: finding test extensions in assemblies ends with: TestLogger.dll TPluginInfo: Microsoft.VisualStudio.TestPlatform.Common.ExtensionFramework.Utilities.TestLoggerPluginInformation TExtension: Microsoft.VisualStudio.TestPlatform.ObjectModel.Client.ITestLogger
TpTrace Verbose: 0 : 16600, 1, 2021/07/13, 10:22:43.197, 1323299124838, vstest.console.dll, TestPluginCache.GetExtensionPaths: Filtered extension paths: 
TpTrace Verbose: 0 : 16600, 1, 2021/07/13, 10:22:43.197, 1323299125183, vstest.console.dll, TestPluginCache.GetExtensionPaths: Added default extension paths: C:\Program Files\dotnet\sdk\5.0.200\Extensions\Microsoft.Diagnostics.NETCore.Client.dll
C:\Program Files\dotnet\sdk\5.0.200\Extensions\Microsoft.TestPlatform.Extensions.BlameDataCollector.dll
C:\Program Files\dotnet\sdk\5.0.200\Extensions\Microsoft.TestPlatform.Extensions.EventLogCollector.dll
C:\Program Files\dotnet\sdk\5.0.200\Extensions\Microsoft.TestPlatform.TestHostRuntimeProvider.dll
C:\Program Files\dotnet\sdk\5.0.200\Extensions\Microsoft.VisualStudio.TestPlatform.Extensions.Html.TestLogger.dll
C:\Program Files\dotnet\sdk\5.0.200\Extensions\Microsoft.VisualStudio.TestPlatform.Extensions.Trx.TestLogger.dll
TpTrace Verbose: 0 : 16600, 1, 2021/07/13, 10:22:43.197, 1323299125436, vstest.console.dll, TestPluginCache.GetExtensionPaths: Added unfilterableExtensionPaths: 
TpTrace Information: 0 : 16600, 1, 2021/07/13, 10:22:43.197, 1323299126530, vstest.console.dll, AssemblyResolver.AddSearchDirectories: Adding more searchDirectories C:\Program Files\dotnet\sdk\5.0.200\Extensions,C:\Program Files\dotnet\sdk\5.0.200
TpTrace Verbose: 0 : 16600, 1, 2021/07/13, 10:22:43.197, 1323299126977, vstest.console.dll, TestPluginCache.DiscoverTestExtensions: Discovering the extensions using extension path.
TpTrace Verbose: 0 : 16600, 1, 2021/07/13, 10:22:43.197, 1323299127249, vstest.console.dll, TestPluginCache.GetExtensionPaths: Filtered extension paths: 
TpTrace Verbose: 0 : 16600, 1, 2021/07/13, 10:22:43.197, 1323299127466, vstest.console.dll, TestPluginCache.GetExtensionPaths: Added default extension paths: C:\Program Files\dotnet\sdk\5.0.200\Extensions\Microsoft.Diagnostics.NETCore.Client.dll
C:\Program Files\dotnet\sdk\5.0.200\Extensions\Microsoft.TestPlatform.Extensions.BlameDataCollector.dll
C:\Program Files\dotnet\sdk\5.0.200\Extensions\Microsoft.TestPlatform.Extensions.EventLogCollector.dll
C:\Program Files\dotnet\sdk\5.0.200\Extensions\Microsoft.TestPlatform.TestHostRuntimeProvider.dll
C:\Program Files\dotnet\sdk\5.0.200\Extensions\Microsoft.VisualStudio.TestPlatform.Extensions.Html.TestLogger.dll
C:\Program Files\dotnet\sdk\5.0.200\Extensions\Microsoft.VisualStudio.TestPlatform.Extensions.Trx.TestLogger.dll
TpTrace Verbose: 0 : 16600, 1, 2021/07/13, 10:22:43.197, 1323299127727, vstest.console.dll, TestPluginCache.GetExtensionPaths: Added unfilterableExtensionPaths: 
TpTrace Verbose: 0 : 16600, 1, 2021/07/13, 10:22:43.198, 1323299127971, vstest.console.dll, TestPluginCache.DiscoverTestExtensions: Discovering the extensions using allExtensionPaths: C:\Program Files\dotnet\sdk\5.0.200\Extensions\Microsoft.Diagnostics.NETCore.Client.dll
C:\Program Files\dotnet\sdk\5.0.200\Extensions\Microsoft.TestPlatform.Extensions.BlameDataCollector.dll
C:\Program Files\dotnet\sdk\5.0.200\Extensions\Microsoft.TestPlatform.Extensions.EventLogCollector.dll
C:\Program Files\dotnet\sdk\5.0.200\Extensions\Microsoft.TestPlatform.TestHostRuntimeProvider.dll
C:\Program Files\dotnet\sdk\5.0.200\Extensions\Microsoft.VisualStudio.TestPlatform.Extensions.Html.TestLogger.dll
C:\Program Files\dotnet\sdk\5.0.200\Extensions\Microsoft.VisualStudio.TestPlatform.Extensions.Trx.TestLogger.dll
TpTrace Information: 0 : 16600, 1, 2021/07/13, 10:22:43.198, 1323299128405, vstest.console.dll, AssemblyResolver.AddSearchDirectories: Adding more searchDirectories C:\Program Files\dotnet\sdk\5.0.200\Extensions,C:\Program Files\dotnet\sdk\5.0.200
TpTrace Information: 0 : 16600, 1, 2021/07/13, 10:22:43.198, 1323299128667, vstest.console.dll, AssemblyResolver.AddSearchDirectories: Adding more searchDirectories C:\Program Files\dotnet\sdk\5.0.200\Extensions,C:\Program Files\dotnet\sdk\5.0.200
TpTrace Information: 0 : 16600, 1, 2021/07/13, 10:22:43.198, 1323299128951, vstest.console.dll, AssemblyResolver.AddSearchDirectories: Adding more searchDirectories C:\Program Files\dotnet\sdk\5.0.200\Extensions,C:\Program Files\dotnet\sdk\5.0.200
TpTrace Information: 0 : 16600, 1, 2021/07/13, 10:22:43.198, 1323299129209, vstest.console.dll, AssemblyResolver.AddSearchDirectories: Adding more searchDirectories C:\Program Files\dotnet\sdk\5.0.200\Extensions,C:\Program Files\dotnet\sdk\5.0.200
TpTrace Information: 0 : 16600, 1, 2021/07/13, 10:22:43.198, 1323299129439, vstest.console.dll, AssemblyResolver.AddSearchDirectories: Adding more searchDirectories C:\Program Files\dotnet\sdk\5.0.200\Extensions,C:\Program Files\dotnet\sdk\5.0.200
TpTrace Information: 0 : 16600, 1, 2021/07/13, 10:22:43.198, 1323299129663, vstest.console.dll, AssemblyResolver.AddSearchDirectories: Adding more searchDirectories C:\Program Files\dotnet\sdk\5.0.200\Extensions,C:\Program Files\dotnet\sdk\5.0.200
TpTrace Information: 0 : 16600, 1, 2021/07/13, 10:22:43.198, 1323299131618, vstest.console.dll, AssemblyResolver.OnResolve: Microsoft.Bcl.AsyncInterfaces: Resolving assembly.
TpTrace Information: 0 : 16600, 1, 2021/07/13, 10:22:43.198, 1323299131932, vstest.console.dll, AssemblyResolver.OnResolve: Microsoft.Bcl.AsyncInterfaces: Resolved from cache.
TpTrace Verbose: 0 : 16600, 1, 2021/07/13, 10:22:43.198, 1323299132217, vstest.console.dll, CurrentDomain_AssemblyResolve: Resolving assembly 'Microsoft.Bcl.AsyncInterfaces'.
TpTrace Information: 0 : 16600, 1, 2021/07/13, 10:22:43.198, 1323299132679, vstest.console.dll, AssemblyResolver.OnResolve: Microsoft.Bcl.AsyncInterfaces: Resolving assembly.
TpTrace Information: 0 : 16600, 1, 2021/07/13, 10:22:43.198, 1323299132950, vstest.console.dll, AssemblyResolver.OnResolve: Microsoft.Bcl.AsyncInterfaces: Resolved from cache.
TpTrace Verbose: 0 : 16600, 1, 2021/07/13, 10:22:43.198, 1323299133216, vstest.console.dll, CurrentDomain_AssemblyResolve: Resolving assembly 'Microsoft.Bcl.AsyncInterfaces'.
TpTrace Verbose: 0 : 16600, 1, 2021/07/13, 10:22:43.198, 1323299133455, vstest.console.dll, CurrentDomainAssemblyResolve: Failed to resolve assembly 'Microsoft.Bcl.AsyncInterfaces'.
TpTrace Verbose: 0 : 16600, 1, 2021/07/13, 10:22:43.198, 1323299134575, vstest.console.dll, CurrentDomainAssemblyResolve: Failed to resolve assembly 'Microsoft.Bcl.AsyncInterfaces'.
TpTrace Warning: 0 : 16600, 1, 2021/07/13, 10:22:43.198, 1323299136840, vstest.console.dll, TestPluginDiscoverer: Failed to get types from assembly 'Microsoft.Diagnostics.NETCore.Client, Version=0.2.2.41902, Culture=neutral, PublicKeyToken=31bf3856ad364e35'.  Skipping test extension scan for this assembly.  Error: System.Reflection.ReflectionTypeLoadException: Unable to load one or more of the requested types.
Could not load file or assembly 'Microsoft.Bcl.AsyncInterfaces, Version=1.0.0.0, Culture=neutral, PublicKeyToken=cc7b13ffcd2ddd51'. El sistema no puede encontrar el archivo especificado.
   at System.Reflection.RuntimeModule.GetTypes(RuntimeModule module)
   at System.Reflection.RuntimeModule.GetTypes()
   at System.Reflection.Assembly.GetTypes()
   at Microsoft.VisualStudio.TestPlatform.Common.ExtensionFramework.TestPluginDiscoverer.GetTestExtensionsFromAssembly[TPluginInfo,TExtension](Assembly assembly, Dictionary`2 pluginInfos)
System.IO.FileNotFoundException: Could not load file or assembly 'Microsoft.Bcl.AsyncInterfaces, Version=1.0.0.0, Culture=neutral, PublicKeyToken=cc7b13ffcd2ddd51'. El sistema no puede encontrar el archivo especificado.
File name: 'Microsoft.Bcl.AsyncInterfaces, Version=1.0.0.0, Culture=neutral, PublicKeyToken=cc7b13ffcd2ddd51'
TpTrace Warning: 0 : 16600, 1, 2021/07/13, 10:22:43.198, 1323299137236, vstest.console.dll, LoaderExceptions: System.IO.FileNotFoundException: Could not load file or assembly 'Microsoft.Bcl.AsyncInterfaces, Version=1.0.0.0, Culture=neutral, PublicKeyToken=cc7b13ffcd2ddd51'. El sistema no puede encontrar el archivo especificado.
File name: 'Microsoft.Bcl.AsyncInterfaces, Version=1.0.0.0, Culture=neutral, PublicKeyToken=cc7b13ffcd2ddd51'
TpTrace Verbose: 0 : 16600, 1, 2021/07/13, 10:22:43.199, 1323299140027, vstest.console.dll, TestPluginCache: Discovered the extensions using extension path ''.
TpTrace Verbose: 0 : 16600, 1, 2021/07/13, 10:22:43.199, 1323299140374, vstest.console.dll, TestPluginCache: Discoverers are ''.
TpTrace Verbose: 0 : 16600, 1, 2021/07/13, 10:22:43.199, 1323299140585, vstest.console.dll, TestPluginCache: Executors are ''.
TpTrace Verbose: 0 : 16600, 1, 2021/07/13, 10:22:43.199, 1323299140775, vstest.console.dll, TestPluginCache: Executors2 are ''.
TpTrace Verbose: 0 : 16600, 1, 2021/07/13, 10:22:43.199, 1323299140962, vstest.console.dll, TestPluginCache: Setting providers are ''.
TpTrace Verbose: 0 : 16600, 1, 2021/07/13, 10:22:43.199, 1323299141428, vstest.console.dll, TestPluginCache: Loggers are 'logger://Microsoft/TestPlatform/Extensions/Blame/v1,logger://Microsoft/TestPlatform/HtmlLogger/v1,logger://Microsoft/TestPlatform/TrxLogger/v1'.
TpTrace Information: 0 : 16600, 1, 2021/07/13, 10:22:43.199, 1323299146400, vstest.console.dll, TestPluginManager.CreateTestExtension: Attempting to load test extension: Microsoft.TestPlatform.Extensions.BlameDataCollector.BlameLogger
TpTrace Information: 0 : 16600, 1, 2021/07/13, 10:22:43.207, 1323299221179, vstest.console.dll, TestPluginManager.CreateTestExtension: Attempting to load test extension: Microsoft.VisualStudio.TestPlatform.CrossPlatEngine.Hosting.DefaultTestHostManager
TpTrace Information: 0 : 16600, 1, 2021/07/13, 10:22:43.207, 1323299224455, vstest.console.dll, TestPluginManager.CreateTestExtension: Attempting to load test extension: Microsoft.VisualStudio.TestPlatform.CrossPlatEngine.Hosting.DotnetTestHostManager
TpTrace Verbose: 0 : 16600, 1, 2021/07/13, 10:22:43.208, 1323299228746, vstest.console.dll, TestEngine: Initializing Parallel Execution as MaxCpuCount is set to: 1
TpTrace Information: 0 : 16600, 1, 2021/07/13, 10:22:43.208, 1323299232735, vstest.console.dll, InferRunSettingsHelper.IsTestSettingsEnabled: Unable to navigate to RunSettings/MSTest. Current node: RunSettings
TpTrace Verbose: 0 : 16600, 1, 2021/07/13, 10:22:43.231, 1323299462125, vstest.console.dll, TestRequestSender is acting as server
TpTrace Verbose: 0 : 16600, 4, 2021/07/13, 10:22:43.234, 1323299495170, vstest.console.dll, DataCollectionRequestSender.InitializeCommunication : Initialize communication. 
TpTrace Information: 0 : 16600, 4, 2021/07/13, 10:22:43.242, 1323299574227, vstest.console.dll, Listening on Endpoint : 127.0.0.1:64264
TpTrace Verbose: 0 : 16600, 4, 2021/07/13, 10:22:43.251, 1323299658017, vstest.console.dll, DotnetDataCollectionLauncher: Full path of dotnet.exe is C:\Program Files\dotnet\dotnet.exe
TpTrace Verbose: 0 : 16600, 4, 2021/07/13, 10:22:43.251, 1323299659555, vstest.console.dll, DotnetDataCollectionLauncher: Adding  --runtimeconfig "C:\Program Files\dotnet\sdk\5.0.200\datacollector.runtimeconfig.json" in args
TpTrace Verbose: 0 : 16600, 4, 2021/07/13, 10:22:43.251, 1323299663083, vstest.console.dll, DotnetDataCollectionLauncher: Adding  --depsfile "C:\Program Files\dotnet\sdk\5.0.200\datacollector.deps.json" in args
TpTrace Information: 0 : 16600, 4, 2021/07/13, 10:22:43.259, 1323299741790, vstest.console.dll, ProxyDataCollectionManager.Initialize: Launched datacollector processId: 25576 port: 64264
TpTrace Information: 0 : 16600, 4, 2021/07/13, 10:22:43.259, 1323299743319, vstest.console.dll, ProxyDataCollectionManager.Initialize: waiting for connection with timeout: 90 seconds
TpTrace Verbose: 0 : 16600, 4, 2021/07/13, 10:22:43.259, 1323299743968, vstest.console.dll, DataCollectionRequestSender.WaitForRequestHandlerConnection : Waiting for connection with timeout: 90000
TpTrace Information: 0 : 16600, 7, 2021/07/13, 10:22:43.384, 1323300994711, vstest.console.dll, Using the buffer size of 16384 bytes
TpTrace Verbose: 0 : 16600, 4, 2021/07/13, 10:22:43.384, 1323300995129, vstest.console.dll, ProxyDataCollectionManager.InvokeDataCollectionServiceAction: Starting.
TpTrace Information: 0 : 16600, 4, 2021/07/13, 10:22:43.384, 1323300996100, vstest.console.dll, ProxyDataCollectionManager.BeforeTestRunStart: Get environment variable and port for datacollector processId: 25576 port: 64264
TpTrace Information: 0 : 16600, 7, 2021/07/13, 10:22:43.384, 1323300996076, vstest.console.dll, Accepted Client request and set the flag
TpTrace Verbose: 0 : 16600, 4, 2021/07/13, 10:22:43.384, 1323300996907, vstest.console.dll, DataCollectionRequestSender.SendBeforeTestRunStartAndGetResult : Send BeforeTestRunStart message with settingsXml <RunSettings><RunConfiguration><ResultsDirectory>C:\Users\RafaelAlamanac\Desktop\GrillMaster\FunctionalTests\bin\Debug\net5.0\fine-code-coverage\coverage-tool-output</ResultsDirectory><TargetPlatform>X64</TargetPlatform><TargetFrameworkVersion>.NETCoreApp,Version=v5.0</TargetFrameworkVersion><DesignMode>False</DesignMode><CollectSourceInformation>False</CollectSourceInformation><TestAdaptersPaths>C:\Program Files\dotnet\sdk\5.0.200\Extensions</TestAdaptersPaths></RunConfiguration><LoggerRunSettings><Loggers><Logger friendlyName="blame" enabled="True" /><Logger friendlyName="Console" uri="logger://microsoft/TestPlatform/ConsoleLogger/v1" assemblyQualifiedName="Microsoft.VisualStudio.TestPlatform.CommandLine.Internal.ConsoleLogger, vstest.console, Version=15.0.0.0, Culture=neutral, PublicKeyToken=b03f5f7f11d50a3a" codeBase="C:\Program Files\dotnet\sdk\5.0.200\vstest.console.dll" enabled="True" /></Loggers></LoggerRunSettings><DataCollectionRunSettings><DataCollectors><DataCollector friendlyName="blame" enabled="True"><Configuration><ResultsDirectory>C:\Users\RafaelAlamanac\Desktop\GrillMaster\FunctionalTests\bin\Debug\net5.0\fine-code-coverage\coverage-tool-output</ResultsDirectory></Configuration></DataCollector></DataCollectors></DataCollectionRunSettings></RunSettings> and sources System.Linq.Enumerable+Concat2Iterator`1[System.String]: 
TpTrace Verbose: 0 : 16600, 4, 2021/07/13, 10:22:43.443, 1323301581379, vstest.console.dll, DataCollectionRequestSender.SendBeforeTestRunStartAndGetResult : Received message: (DataCollection.SendMessage) -> {
  "FriendlyName": null,
  "Uri": null,
  "TestCaseId": "00000000-0000-0000-0000-000000000000",
  "Message": "Logging DataCollector Diagnostics in file: C:\\Users\\RafaelAlamanac\\Desktop\\GrillMaster\\FunctionalTests\\bin\\Debug\\net5.0\\fine-code-coverage\\coverage-tool-output\\diagnostics.datacollector.21-07-13_10-22-43_24744_4.log",
  "Level": 0
}
TpTrace Information: 0 : 16600, 4, 2021/07/13, 10:22:43.447, 1323301626053, vstest.console.dll, AssemblyResolver.OnResolve: Microsoft.VisualStudio.TestPlatform.Common.resources: Resolving assembly.
TpTrace Information: 0 : 16600, 4, 2021/07/13, 10:22:43.448, 1323301628015, vstest.console.dll, AssemblyResolver.OnResolve: Microsoft.VisualStudio.TestPlatform.Common.resources: Failed to load assembly.
TpTrace Verbose: 0 : 16600, 4, 2021/07/13, 10:22:43.494, 1323302091362, vstest.console.dll, DataCollectionRequestSender.SendBeforeTestRunStartAndGetResult : Received message: (DataCollection.BeforeTestRunStartResult) -> {
  "EnvironmentVariables": {},
  "DataCollectionEventsPort": 64266
}
TpTrace Information: 0 : 16600, 4, 2021/07/13, 10:22:43.497, 1323302119600, vstest.console.dll, ProxyDataCollectionManager.BeforeTestRunStart: SendBeforeTestRunStartAndGetResult successful, env variable from datacollector:   and testhost port: 64266
TpTrace Information: 0 : 16600, 4, 2021/07/13, 10:22:43.497, 1323302120137, vstest.console.dll, ProxyDataCollectionManager.InvokeDataCollectionServiceAction: Completed.
TpTrace Verbose: 0 : 16600, 1, 2021/07/13, 10:22:43.497, 1323302121154, vstest.console.dll, TestRunRequest.ExecuteAsync: Creating test run request.
TpTrace Verbose: 0 : 16600, 1, 2021/07/13, 10:22:43.497, 1323302123070, vstest.console.dll, TestRunRequest.ExecuteAsync: Starting.
TpTrace Information: 0 : 16600, 1, 2021/07/13, 10:22:43.497, 1323302125026, vstest.console.dll, TestRunRequest.ExecuteAsync: Starting run with settings:TestRunCriteria:
   KeepAlive=False,FrequencyOfRunStatsChangeEvent=10,RunStatsChangeEventTimeout=00:00:01.5000000,TestCaseFilter=,TestExecutorLauncher=
   Settingsxml=<RunSettings>
  <RunConfiguration>
    <ResultsDirectory>C:\Users\RafaelAlamanac\Desktop\GrillMaster\FunctionalTests\bin\Debug\net5.0\fine-code-coverage\coverage-tool-output</ResultsDirectory>
    <TargetPlatform>X64</TargetPlatform>
    <TargetFrameworkVersion>.NETCoreApp,Version=v5.0</TargetFrameworkVersion>
    <DesignMode>False</DesignMode>
    <CollectSourceInformation>False</CollectSourceInformation>
  </RunConfiguration>
  <LoggerRunSettings>
    <Loggers>
      <Logger friendlyName="blame" enabled="True" />
      <Logger friendlyName="Console" uri="logger://microsoft/TestPlatform/ConsoleLogger/v1" assemblyQualifiedName="Microsoft.VisualStudio.TestPlatform.CommandLine.Internal.ConsoleLogger, vstest.console, Version=15.0.0.0, Culture=neutral, PublicKeyToken=b03f5f7f11d50a3a" codeBase="C:\Program Files\dotnet\sdk\5.0.200\vstest.console.dll" enabled="True" />
    </Loggers>
  </LoggerRunSettings>
  <DataCollectionRunSettings>
    <DataCollectors>
      <DataCollector friendlyName="blame" enabled="True">
        <Configuration>
          <ResultsDirectory>C:\Users\RafaelAlamanac\Desktop\GrillMaster\FunctionalTests\bin\Debug\net5.0\fine-code-coverage\coverage-tool-output</ResultsDirectory>
        </Configuration>
      </DataCollector>
    </DataCollectors>
  </DataCollectionRunSettings>
</RunSettings>

TpTrace Verbose: 0 : 16600, 1, 2021/07/13, 10:22:43.497, 1323302125844, vstest.console.dll, TestRunRequest.ExecuteAsync: Wait for the first run request is over.
TpTrace Verbose: 0 : 16600, 1, 2021/07/13, 10:22:43.498, 1323302128846, vstest.console.dll, ParallelProxyExecutionManager: Start execution. Total sources: 1
TpTrace Information: 0 : 16600, 1, 2021/07/13, 10:22:43.498, 1323302133374, vstest.console.dll, ProxyParallelExecutionManager: Triggering test run for next source: C:\Users\RafaelAlamanac\Desktop\GrillMaster\FunctionalTests\bin\Debug\net5.0\fine-code-coverage\build-output\FunctionalTests.dll
TpTrace Verbose: 0 : 16600, 1, 2021/07/13, 10:22:43.498, 1323302134866, vstest.console.dll, ProxyParallelExecutionManager: No sources available for execution.
TpTrace Verbose: 0 : 16600, 4, 2021/07/13, 10:22:43.498, 1323302134908, vstest.console.dll, ParallelProxyExecutionManager: Execution started. Started clients: 1
TpTrace Information: 0 : 16600, 1, 2021/07/13, 10:22:43.498, 1323302135249, vstest.console.dll, TestRunRequest.ExecuteAsync: Started.
TpTrace Verbose: 0 : 16600, 1, 2021/07/13, 10:22:43.498, 1323302136201, vstest.console.dll, TestRunRequest.WaitForCompletion: Waiting with timeout -1.
TpTrace Verbose: 0 : 16600, 4, 2021/07/13, 10:22:43.498, 1323302137456, vstest.console.dll, TestRunRequest:SendTestRunMessage: Starting.
TpTrace Information: 0 : 16600, 4, 2021/07/13, 10:22:43.499, 1323302138261, vstest.console.dll, TestRunRequest:SendTestRunMessage: Completed.
TpTrace Verbose: 0 : 16600, 4, 2021/07/13, 10:22:43.499, 1323302139695, vstest.console.dll, ProxyExecutionManager: Test host is always Lazy initialize.
TpTrace Verbose: 0 : 16600, 4, 2021/07/13, 10:22:43.499, 1323302141428, vstest.console.dll, TestRequestSender.InitializeCommunication: initialize communication. 
TpTrace Information: 0 : 16600, 4, 2021/07/13, 10:22:43.499, 1323302145073, vstest.console.dll, SocketServer.Start: Listening on endpoint : 127.0.0.1:64267
TpTrace Verbose: 0 : 16600, 4, 2021/07/13, 10:22:43.500, 1323302150798, vstest.console.dll, DotnetTestHostmanager: Adding  --runtimeconfig "C:\Users\RafaelAlamanac\Desktop\GrillMaster\FunctionalTests\bin\Debug\net5.0\fine-code-coverage\build-output\FunctionalTests.runtimeconfig.json" in args
TpTrace Verbose: 0 : 16600, 4, 2021/07/13, 10:22:43.500, 1323302151849, vstest.console.dll, DotnetTestHostmanager: Adding  --depsfile "C:\Users\RafaelAlamanac\Desktop\GrillMaster\FunctionalTests\bin\Debug\net5.0\fine-code-coverage\build-output\FunctionalTests.deps.json" in args
TpTrace Verbose: 0 : 16600, 4, 2021/07/13, 10:22:43.500, 1323302153785, vstest.console.dll, DotnetTestHostManager: Testhost.exe/testhost.x86.exe found at path: C:\Users\RafaelAlamanac\Desktop\GrillMaster\FunctionalTests\bin\Debug\net5.0\fine-code-coverage\build-output\testhost.exe
TpTrace Verbose: 0 : 16600, 4, 2021/07/13, 10:22:43.500, 1323302154233, vstest.console.dll, DotnetTestHostmanager: Full path of host exe is C:\Users\RafaelAlamanac\Desktop\GrillMaster\FunctionalTests\bin\Debug\net5.0\fine-code-coverage\build-output\testhost.exe
TpTrace Verbose: 0 : 16600, 6, 2021/07/13, 10:22:43.501, 1323302161361, vstest.console.dll, DotnetTestHostManager: Starting process 'C:\Users\RafaelAlamanac\Desktop\GrillMaster\FunctionalTests\bin\Debug\net5.0\fine-code-coverage\build-output\testhost.exe' with command line ' --runtimeconfig "C:\Users\RafaelAlamanac\Desktop\GrillMaster\FunctionalTests\bin\Debug\net5.0\fine-code-coverage\build-output\FunctionalTests.runtimeconfig.json" --depsfile "C:\Users\RafaelAlamanac\Desktop\GrillMaster\FunctionalTests\bin\Debug\net5.0\fine-code-coverage\build-output\FunctionalTests.deps.json" --port 64267 --endpoint 127.0.0.1:064267 --role client --parentprocessid 16600 --diag "C:\Users\RafaelAlamanac\Desktop\GrillMaster\FunctionalTests\bin\Debug\net5.0\fine-code-coverage\coverage-tool-output\diagnostics.host.21-07-13_10-22-43_49993_4.log" --tracelevel 4 --datacollectionport 64266 --telemetryoptedin false'
TpTrace Verbose: 0 : 16600, 6, 2021/07/13, 10:22:43.506, 1323302209395, vstest.console.dll, Test Runtime launched
TpTrace Verbose: 0 : 16600, 4, 2021/07/13, 10:22:43.506, 1323302215383, vstest.console.dll, TestRequestSender.WaitForRequestHandlerConnection: waiting for connection with timeout: 90000
TpTrace Verbose: 0 : 16600, 6, 2021/07/13, 10:22:43.662, 1323303775684, vstest.console.dll, SocketServer.OnClientConnected: Client connected for endPoint: 127.0.0.1:64267, starting MessageLoopAsync:
TpTrace Verbose: 0 : 16600, 6, 2021/07/13, 10:22:43.662, 1323303777077, vstest.console.dll, TcpClientExtensions.MessageLoopAsync: Polling on remoteEndPoint: 127.0.0.1:64268 localEndPoint: 127.0.0.1:64267
TpTrace Verbose: 0 : 16600, 6, 2021/07/13, 10:22:43.784, 1323304994111, vstest.console.dll, TcpClientExtensions.MessageLoopAsync: NotifyDataAvailable remoteEndPoint: 127.0.0.1:64268 localEndPoint: 127.0.0.1:64267
TpTrace Verbose: 0 : 16600, 6, 2021/07/13, 10:22:43.784, 1323304996385, vstest.console.dll, TestRequestSender.CheckVersionWithTestHost: onMessageReceived received message: (ProtocolVersion) -> 3
TpTrace Verbose: 0 : 16600, 6, 2021/07/13, 10:22:43.785, 1323304999982, vstest.console.dll, TcpClientExtensions.MessageLoopAsync: Polling on remoteEndPoint: 127.0.0.1:64268 localEndPoint: 127.0.0.1:64267
TpTrace Verbose: 0 : 16600, 4, 2021/07/13, 10:22:43.785, 1323305001140, vstest.console.dll, TestPluginCache.GetExtensionPaths: Filtered extension paths: 
TpTrace Verbose: 0 : 16600, 4, 2021/07/13, 10:22:43.785, 1323305001788, vstest.console.dll, TestPluginCache.GetExtensionPaths: Added default extension paths: C:\Program Files\dotnet\sdk\5.0.200\Extensions\Microsoft.Diagnostics.NETCore.Client.dll
C:\Program Files\dotnet\sdk\5.0.200\Extensions\Microsoft.TestPlatform.Extensions.BlameDataCollector.dll
C:\Program Files\dotnet\sdk\5.0.200\Extensions\Microsoft.TestPlatform.Extensions.EventLogCollector.dll
C:\Program Files\dotnet\sdk\5.0.200\Extensions\Microsoft.TestPlatform.TestHostRuntimeProvider.dll
C:\Program Files\dotnet\sdk\5.0.200\Extensions\Microsoft.VisualStudio.TestPlatform.Extensions.Html.TestLogger.dll
C:\Program Files\dotnet\sdk\5.0.200\Extensions\Microsoft.VisualStudio.TestPlatform.Extensions.Trx.TestLogger.dll
TpTrace Verbose: 0 : 16600, 4, 2021/07/13, 10:22:43.785, 1323305002184, vstest.console.dll, TestPluginCache.GetExtensionPaths: Added unfilterableExtensionPaths: 
TpTrace Verbose: 0 : 16600, 4, 2021/07/13, 10:22:43.787, 1323305027328, vstest.console.dll, TestRequestSender.InitializeExecution: Sending initializing execution with message: {"Version":3,"MessageType":"TestExecution.Initialize","Payload":["C:\\Users\\RafaelAlamanac\\Desktop\\GrillMaster\\FunctionalTests\\bin\\Debug\\net5.0\\fine-code-coverage\\build-output\\xunit.runner.visualstudio.dotnetcore.testadapter.dll"]}
TpTrace Verbose: 0 : 16600, 4, 2021/07/13, 10:22:43.796, 1323305114916, vstest.console.dll, TestRequestSender.StartTestRun: Sending test run with message: {"Version":3,"MessageType":"TestExecution.StartWithSources","Payload":{"AdapterSourceMap":{"_none_":["C:\\Users\\RafaelAlamanac\\Desktop\\GrillMaster\\FunctionalTests\\bin\\Debug\\net5.0\\fine-code-coverage\\build-output\\FunctionalTests.dll"]},"RunSettings":"<RunSettings>\r\n  <RunConfiguration>\r\n    <ResultsDirectory>C:\\Users\\RafaelAlamanac\\Desktop\\GrillMaster\\FunctionalTests\\bin\\Debug\\net5.0\\fine-code-coverage\\coverage-tool-output</ResultsDirectory>\r\n    <TargetPlatform>X64</TargetPlatform>\r\n    <TargetFrameworkVersion>.NETCoreApp,Version=v5.0</TargetFrameworkVersion>\r\n    <DesignMode>False</DesignMode>\r\n    <CollectSourceInformation>False</CollectSourceInformation>\r\n  </RunConfiguration>\r\n  <LoggerRunSettings>\r\n    <Loggers>\r\n      <Logger friendlyName=\"blame\" enabled=\"True\" />\r\n      <Logger friendlyName=\"Console\" uri=\"logger://microsoft/TestPlatform/ConsoleLogger/v1\" assemblyQualifiedName=\"Microsoft.VisualStudio.TestPlatform.CommandLine.Internal.ConsoleLogger, vstest.console, Version=15.0.0.0, Culture=neutral, PublicKeyToken=b03f5f7f11d50a3a\" codeBase=\"C:\\Program Files\\dotnet\\sdk\\5.0.200\\vstest.console.dll\" enabled=\"True\" />\r\n    </Loggers>\r\n  </LoggerRunSettings>\r\n  <DataCollectionRunSettings>\r\n    <DataCollectors>\r\n      <DataCollector friendlyName=\"blame\" enabled=\"True\">\r\n        <Configuration>\r\n          <ResultsDirectory>C:\\Users\\RafaelAlamanac\\Desktop\\GrillMaster\\FunctionalTests\\bin\\Debug\\net5.0\\fine-code-coverage\\coverage-tool-output</ResultsDirectory>\r\n        </Configuration>\r\n      </DataCollector>\r\n    </DataCollectors>\r\n  </DataCollectionRunSettings>\r\n</RunSettings>","TestExecutionContext":{"FrequencyOfRunStatsChangeEvent":10,"RunStatsChangeEventTimeout":"00:00:01.5000000","InIsolation":false,"KeepAlive":false,"AreTestCaseLevelEventsRequired":false,"IsDebug":false,"TestCaseFilter":null,"FilterOptions":null},"Package":null}}
TpTrace Verbose: 0 : 16600, 6, 2021/07/13, 10:22:43.798, 1323305133416, vstest.console.dll, TcpClientExtensions.MessageLoopAsync: NotifyDataAvailable remoteEndPoint: 127.0.0.1:64268 localEndPoint: 127.0.0.1:64267
TpTrace Verbose: 0 : 16600, 6, 2021/07/13, 10:22:43.798, 1323305134539, vstest.console.dll, TestRequestSender.OnExecutionMessageReceived: Received message: {"Version":3,"MessageType":"TestSession.Message","Payload":{"MessageLevel":0,"Message":"Registrando diagn√≥stico de TestHost en el archivo: C:\\Users\\RafaelAlamanac\\Desktop\\GrillMaster\\FunctionalTests\\bin\\Debug\\net5.0\\fine-code-coverage\\coverage-tool-output\\diagnostics.host.21-07-13_10-22-43_49993_4.log"}}
TpTrace Verbose: 0 : 16600, 6, 2021/07/13, 10:22:43.800, 1323305148508, vstest.console.dll, TestRunRequest:SendTestRunMessage: Starting.
TpTrace Information: 0 : 16600, 6, 2021/07/13, 10:22:43.800, 1323305149217, vstest.console.dll, TestRunRequest:SendTestRunMessage: Completed.
TpTrace Verbose: 0 : 16600, 6, 2021/07/13, 10:22:43.800, 1323305149616, vstest.console.dll, TcpClientExtensions.MessageLoopAsync: Polling on remoteEndPoint: 127.0.0.1:64268 localEndPoint: 127.0.0.1:64267
TpTrace Verbose: 0 : 16600, 6, 2021/07/13, 10:22:43.926, 1323306417224, vstest.console.dll, TcpClientExtensions.MessageLoopAsync: NotifyDataAvailable remoteEndPoint: 127.0.0.1:64268 localEndPoint: 127.0.0.1:64267
TpTrace Verbose: 0 : 16600, 6, 2021/07/13, 10:22:43.927, 1323306418313, vstest.console.dll, TestRequestSender.OnExecutionMessageReceived: Received message: {"Version":3,"MessageType":"TestSession.Message","Payload":{"MessageLevel":0,"Message":"[xUnit.net 00:00:00.00] xUnit.net VSTest Adapter v2.4.3+1b45f5407b (64-bit .NET 5.0.3)"}}
TpTrace Verbose: 0 : 16600, 6, 2021/07/13, 10:22:43.927, 1323306420510, vstest.console.dll, TestRunRequest:SendTestRunMessage: Starting.
TpTrace Information: 0 : 16600, 6, 2021/07/13, 10:22:43.927, 1323306421553, vstest.console.dll, TestRunRequest:SendTestRunMessage: Completed.
TpTrace Verbose: 0 : 16600, 6, 2021/07/13, 10:22:43.927, 1323306421882, vstest.console.dll, TcpClientExtensions.MessageLoopAsync: Polling on remoteEndPoint: 127.0.0.1:64268 localEndPoint: 127.0.0.1:64267
TpTrace Verbose: 0 : 16600, 6, 2021/07/13, 10:22:44.374, 1323310893804, vstest.console.dll, TcpClientExtensions.MessageLoopAsync: NotifyDataAvailable remoteEndPoint: 127.0.0.1:64268 localEndPoint: 127.0.0.1:64267
TpTrace Verbose: 0 : 16600, 6, 2021/07/13, 10:22:44.374, 1323310894877, vstest.console.dll, TestRequestSender.OnExecutionMessageReceived: Received message: {"Version":3,"MessageType":"TestSession.Message","Payload":{"MessageLevel":0,"Message":"[xUnit.net 00:00:00.45]   Discovering: FunctionalTests"}}
TpTrace Verbose: 0 : 16600, 6, 2021/07/13, 10:22:44.374, 1323310897560, vstest.console.dll, TestRunRequest:SendTestRunMessage: Starting.
TpTrace Information: 0 : 16600, 6, 2021/07/13, 10:22:44.375, 1323310898479, vstest.console.dll, TestRunRequest:SendTestRunMessage: Completed.
TpTrace Verbose: 0 : 16600, 6, 2021/07/13, 10:22:44.375, 1323310899272, vstest.console.dll, TcpClientExtensions.MessageLoopAsync: Polling on remoteEndPoint: 127.0.0.1:64268 localEndPoint: 127.0.0.1:64267
TpTrace Verbose: 0 : 16600, 6, 2021/07/13, 10:22:44.403, 1323311185092, vstest.console.dll, TcpClientExtensions.MessageLoopAsync: NotifyDataAvailable remoteEndPoint: 127.0.0.1:64268 localEndPoint: 127.0.0.1:64267
TpTrace Verbose: 0 : 16600, 6, 2021/07/13, 10:22:44.403, 1323311186037, vstest.console.dll, TestRequestSender.OnExecutionMessageReceived: Received message: {"Version":3,"MessageType":"TestSession.Message","Payload":{"MessageLevel":0,"Message":"[xUnit.net 00:00:00.48]   Discovered:  FunctionalTests"}}
TpTrace Verbose: 0 : 16600, 6, 2021/07/13, 10:22:44.403, 1323311187404, vstest.console.dll, TestRunRequest:SendTestRunMessage: Starting.
TpTrace Information: 0 : 16600, 6, 2021/07/13, 10:22:44.403, 1323311187823, vstest.console.dll, TestRunRequest:SendTestRunMessage: Completed.
TpTrace Verbose: 0 : 16600, 6, 2021/07/13, 10:22:44.404, 1323311188073, vstest.console.dll, TcpClientExtensions.MessageLoopAsync: Polling on remoteEndPoint: 127.0.0.1:64268 localEndPoint: 127.0.0.1:64267
TpTrace Verbose: 0 : 16600, 6, 2021/07/13, 10:22:44.406, 1323311209245, vstest.console.dll, TcpClientExtensions.MessageLoopAsync: NotifyDataAvailable remoteEndPoint: 127.0.0.1:64268 localEndPoint: 127.0.0.1:64267
TpTrace Verbose: 0 : 16600, 6, 2021/07/13, 10:22:44.406, 1323311211247, vstest.console.dll, TestRequestSender.OnExecutionMessageReceived: Received message: {"Version":3,"MessageType":"TestSession.Message","Payload":{"MessageLevel":0,"Message":"[xUnit.net 00:00:00.48]   Starting:    FunctionalTests"}}
TpTrace Verbose: 0 : 16600, 6, 2021/07/13, 10:22:44.406, 1323311213820, vstest.console.dll, TestRunRequest:SendTestRunMessage: Starting.
TpTrace Information: 0 : 16600, 6, 2021/07/13, 10:22:44.406, 1323311214465, vstest.console.dll, TestRunRequest:SendTestRunMessage: Completed.
TpTrace Verbose: 0 : 16600, 6, 2021/07/13, 10:22:44.406, 1323311215137, vstest.console.dll, TcpClientExtensions.MessageLoopAsync: Polling on remoteEndPoint: 127.0.0.1:64268 localEndPoint: 127.0.0.1:64267
TpTrace Verbose: 0 : 16600, 6, 2021/07/13, 10:22:45.210, 1323319253439, vstest.console.dll, TcpClientExtensions.MessageLoopAsync: NotifyDataAvailable remoteEndPoint: 127.0.0.1:64268 localEndPoint: 127.0.0.1:64267
TpTrace Verbose: 0 : 16600, 6, 2021/07/13, 10:22:45.210, 1323319255091, vstest.console.dll, TestRequestSender.OnExecutionMessageReceived: Received message: {"Version":3,"MessageType":"TestSession.Message","Payload":{"MessageLevel":0,"Message":"[xUnit.net 00:00:01.29]   Finished:    FunctionalTests"}}
TpTrace Verbose: 0 : 16600, 6, 2021/07/13, 10:22:45.210, 1323319257271, vstest.console.dll, TestRunRequest:SendTestRunMessage: Starting.
TpTrace Information: 0 : 16600, 6, 2021/07/13, 10:22:45.211, 1323319258139, vstest.console.dll, TestRunRequest:SendTestRunMessage: Completed.
TpTrace Verbose: 0 : 16600, 6, 2021/07/13, 10:22:45.211, 1323319258599, vstest.console.dll, TcpClientExtensions.MessageLoopAsync: Polling on remoteEndPoint: 127.0.0.1:64268 localEndPoint: 127.0.0.1:64267
TpTrace Verbose: 0 : 16600, 6, 2021/07/13, 10:22:45.236, 1323319517218, vstest.console.dll, TcpClientExtensions.MessageLoopAsync: NotifyDataAvailable remoteEndPoint: 127.0.0.1:64268 localEndPoint: 127.0.0.1:64267
TpTrace Verbose: 0 : 16600, 6, 2021/07/13, 10:22:45.237, 1323319519580, vstest.console.dll, TestRequestSender.OnExecutionMessageReceived: Received message: {"Version":3,"MessageType":"TestExecution.Completed","Payload":{"TestRunCompleteArgs":{"TestRunStatistics":{"ExecutedTests":5,"Stats":{"Passed":5}},"IsCanceled":false,"IsAborted":false,"Error":null,"AttachmentSets":[],"ElapsedTimeInRunningTests":"00:00:01.2998235","Metrics":{}},"LastRunTests":{"NewTestResults":[{"TestCase":{"Properties":[{"Key":{"Id":"TestCase.FullyQualifiedName","Label":"FullyQualifiedName","Category":"","Description":"","Attributes":1,"ValueType":"System.String"},"Value":"FunctionalTests.GrillMasterFunctionalTests.MapDataFromMockedMenus"},{"Key":{"Id":"TestCase.ExecutorUri","Label":"Executor Uri","Category":"","Description":"","Attributes":1,"ValueType":"System.Uri"},"Value":"executor://xunit/VsTestRunner2/netcoreapp"},{"Key":{"Id":"TestCase.Source","Label":"Source","Category":"","Description":"","Attributes":0,"ValueType":"System.String"},"Value":"C:\\Users\\RafaelAlamanac\\Desktop\\GrillMaster\\FunctionalTests\\bin\\Debug\\net5.0\\fine-code-coverage\\build-output\\FunctionalTests.dll"},{"Key":{"Id":"TestCase.CodeFilePath","Label":"File Path","Category":"","Description":"","Attributes":0,"ValueType":"System.String"},"Value":null},{"Key":{"Id":"TestCase.DisplayName","Label":"Name","Category":"","Description":"","Attributes":0,"ValueType":"System.String"},"Value":"FunctionalTests.GrillMasterFunctionalTests.MapDataFromMockedMenus"},{"Key":{"Id":"TestCase.Id","Label":"Id","Category":"","Description":"","Attributes":1,"ValueType":"System.Guid"},"Value":"7a453586-49ea-be10-21c7-87055a87c330"},{"Key":{"Id":"TestCase.LineNumber","Label":"Line Number","Category":"","Description":"","Attributes":1,"ValueType":"System.Int32"},"Value":0}]},"Attachments":[],"Messages":[],"Properties":[{"Key":{"Id":"TestResult.Outcome","Label":"Outcome","Category":"","Description":"","Attributes":0,"ValueType":"Microsoft.VisualStudio.TestPlatform.ObjectModel.TestOutcome, Microsoft.VisualStudio.TestPlatform.ObjectModel, Version=15.0.0.0, Culture=neutral, PublicKeyToken=b03f5f7f11d50a3a"},"Value":1},{"Key":{"Id":"TestResult.ErrorMessage","Label":"Error Message","Category":"","Description":"","Attributes":0,"ValueType":"System.String"},"Value":null},{"Key":{"Id":"TestResult.ErrorStackTrace","Label":"Error Stack Trace","Category":"","Description":"","Attributes":0,"ValueType":"System.String"},"Value":null},{"Key":{"Id":"TestResult.DisplayName","Label":"TestResult Display Name","Category":"","Description":"","Attributes":1,"ValueType":"System.String"},"Value":"FunctionalTests.GrillMasterFunctionalTests.MapDataFromMockedMenus"},{"Key":{"Id":"TestResult.ComputerName","Label":"Computer Name","Category":"","Description":"","Attributes":0,"ValueType":"System.String"},"Value":"DESKTOP-GS2LDSL"},{"Key":{"Id":"TestResult.Duration","Label":"Duration","Category":"","Description":"","Attributes":0,"ValueType":"System.TimeSpan"},"Value":"00:00:00.2631574"},{"Key":{"Id":"TestResult.StartTime","Label":"Start Time","Category":"","Description":"","Attributes":0,"ValueType":"System.DateTimeOffset"},"Value":"2021-07-13T08:22:44.7280034+00:00"},{"Key":{"Id":"TestResult.EndTime","Label":"End Time","Category":"","Description":"","Attributes":0,"ValueType":"System.DateTimeOffset"},"Value":"2021-07-13T08:22:44.7280818+00:00"}]},{"TestCase":{"Properties":[{"Key":{"Id":"TestCase.FullyQualifiedName","Label":"FullyQualifiedName","Category":"","Description":"","Attributes":1,"ValueType":"System.String"},"Value":"FunctionalTests.GrillMasterFunctionalTests.RequestDataFromMenuRequestService"},{"Key":{"Id":"TestCase.ExecutorUri","Label":"Executor Uri","Category":"","Description":"","Attributes":1,"ValueType":"System.Uri"},"Value":"executor://xunit/VsTestRunner2/netcoreapp"},{"Key":{"Id":"TestCase.Source","Label":"Source","Category":"","Description":"","Attributes":0,"ValueType":"System.String"},"Value":"C:\\Users\\RafaelAlamanac\\Desktop\\GrillMaster\\FunctionalTests\\bin\\Debug\\net5.0\\fine-code-coverage\\build-output\\FunctionalTests.dll"},{"Key":{"Id":"TestCase.CodeFilePath","Label":"File Path","Category":"","Description":"","Attributes":0,"ValueType":"System.String"},"Value":null},{"Key":{"Id":"TestCase.DisplayName","Label":"Name","Category":"","Description":"","Attributes":0,"ValueType":"System.String"},"Value":"FunctionalTests.GrillMasterFunctionalTests.RequestDataFromMenuRequestService"},{"Key":{"Id":"TestCase.Id","Label":"Id","Category":"","Description":"","Attributes":1,"ValueType":"System.Guid"},"Value":"b9b3d67a-123e-4518-daa3-60b4a141f6c6"},{"Key":{"Id":"TestCase.LineNumber","Label":"Line Number","Category":"","Description":"","Attributes":1,"ValueType":"System.Int32"},"Value":0}]},"Attachments":[],"Messages":[],"Properties":[{"Key":{"Id":"TestResult.Outcome","Label":"Outcome","Category":"","Description":"","Attributes":0,"ValueType":"Microsoft.VisualStudio.TestPlatform.ObjectModel.TestOutcome, Microsoft.VisualStudio.TestPlatform.ObjectModel, Version=15.0.0.0, Culture=neutral, PublicKeyToken=b03f5f7f11d50a3a"},"Value":1},{"Key":{"Id":"TestResult.ErrorMessage","Label":"Error Message","Category":"","Description":"","Attributes":0,"ValueType":"System.String"},"Value":null},{"Key":{"Id":"TestResult.ErrorStackTrace","Label":"Error Stack Trace","Category":"","Description":"","Attributes":0,"ValueType":"System.String"},"Value":null},{"Key":{"Id":"TestResult.DisplayName","Label":"TestResult Display Name","Category":"","Description":"","Attributes":1,"ValueType":"System.String"},"Value":"FunctionalTests.GrillMasterFunctionalTests.RequestDataFromMenuRequestService"},{"Key":{"Id":"TestResult.ComputerName","Label":"Computer Name","Category":"","Description":"","Attributes":0,"ValueType":"System.String"},"Value":"DESKTOP-GS2LDSL"},{"Key":{"Id":"TestResult.Duration","Label":"Duration","Category":"","Description":"","Attributes":0,"ValueType":"System.TimeSpan"},"Value":"00:00:00.2789302"},{"Key":{"Id":"TestResult.StartTime","Label":"Start Time","Category":"","Description":"","Attributes":0,"ValueType":"System.DateTimeOffset"},"Value":"2021-07-13T08:22:45.0123142+00:00"},{"Key":{"Id":"TestResult.EndTime","Label":"End Time","Category":"","Description":"","Attributes":0,"ValueType":"System.DateTimeOffset"},"Value":"2021-07-13T08:22:45.0123161+00:00"}]},{"TestCase":{"Properties":[{"Key":{"Id":"TestCase.FullyQualifiedName","Label":"FullyQualifiedName","Category":"","Description":"","Attributes":1,"ValueType":"System.String"},"Value":"FunctionalTests.GrillMasterFunctionalTests.GenerateDataFromRoundGeneratorServiceWRandomData"},{"Key":{"Id":"TestCase.ExecutorUri","Label":"Executor Uri","Category":"","Description":"","Attributes":1,"ValueType":"System.Uri"},"Value":"executor://xunit/VsTestRunner2/netcoreapp"},{"Key":{"Id":"TestCase.Source","Label":"Source","Category":"","Description":"","Attributes":0,"ValueType":"System.String"},"Value":"C:\\Users\\RafaelAlamanac\\Desktop\\GrillMaster\\FunctionalTests\\bin\\Debug\\net5.0\\fine-code-coverage\\build-output\\FunctionalTests.dll"},{"Key":{"Id":"TestCase.CodeFilePath","Label":"File Path","Category":"","Description":"","Attributes":0,"ValueType":"System.String"},"Value":null},{"Key":{"Id":"TestCase.DisplayName","Label":"Name","Category":"","Description":"","Attributes":0,"ValueType":"System.String"},"Value":"FunctionalTests.GrillMasterFunctionalTests.GenerateDataFromRoundGeneratorServiceWRandomData"},{"Key":{"Id":"TestCase.Id","Label":"Id","Category":"","Description":"","Attributes":1,"ValueType":"System.Guid"},"Value":"fa56a9fd-b325-f3ef-ee95-e983f4cfd2cd"},{"Key":{"Id":"TestCase.LineNumber","Label":"Line Number","Category":"","Description":"","Attributes":1,"ValueType":"System.Int32"},"Value":0}]},"Attachments":[],"Messages":[],"Properties":[{"Key":{"Id":"TestResult.Outcome","Label":"Outcome","Category":"","Description":"","Attributes":0,"ValueType":"Microsoft.VisualStudio.TestPlatform.ObjectModel.TestOutcome, Microsoft.VisualStudio.TestPlatform.ObjectModel, Version=15.0.0.0, Culture=neutral, PublicKeyToken=b03f5f7f11d50a3a"},"Value":1},{"Key":{"Id":"TestResult.ErrorMessage","Label":"Error Message","Category":"","Description":"","Attributes":0,"ValueType":"System.String"},"Value":null},{"Key":{"Id":"TestResult.ErrorStackTrace","Label":"Error Stack Trace","Category":"","Description":"","Attributes":0,"ValueType":"System.String"},"Value":null},{"Key":{"Id":"TestResult.DisplayName","Label":"TestResult Display Name","Category":"","Description":"","Attributes":1,"ValueType":"System.String"},"Value":"FunctionalTests.GrillMasterFunctionalTests.GenerateDataFromRoundGeneratorServiceWRandomData"},{"Key":{"Id":"TestResult.ComputerName","Label":"Computer Name","Category":"","Description":"","Attributes":0,"ValueType":"System.String"},"Value":"DESKTOP-GS2LDSL"},{"Key":{"Id":"TestResult.Duration","Label":"Duration","Category":"","Description":"","Attributes":0,"ValueType":"System.TimeSpan"},"Value":"00:00:00.0163557"},{"Key":{"Id":"TestResult.StartTime","Label":"Start Time","Category":"","Description":"","Attributes":0,"ValueType":"System.DateTimeOffset"},"Value":"2021-07-13T08:22:45.0307862+00:00"},{"Key":{"Id":"TestResult.EndTime","Label":"End Time","Category":"","Description":"","Attributes":0,"ValueType":"System.DateTimeOffset"},"Value":"2021-07-13T08:22:45.030788+00:00"}]},{"TestCase":{"Properties":[{"Key":{"Id":"TestCase.FullyQualifiedName","Label":"FullyQualifiedName","Category":"","Description":"","Attributes":1,"ValueType":"System.String"},"Value":"FunctionalTests.GrillMasterFunctionalTests.GenerateDataFromRoundGeneratorServiceWLimitValues"},{"Key":{"Id":"TestCase.ExecutorUri","Label":"Executor Uri","Category":"","Description":"","Attributes":1,"ValueType":"System.Uri"},"Value":"executor://xunit/VsTestRunner2/netcoreapp"},{"Key":{"Id":"TestCase.Source","Label":"Source","Category":"","Description":"","Attributes":0,"ValueType":"System.String"},"Value":"C:\\Users\\RafaelAlamanac\\Desktop\\GrillMaster\\FunctionalTests\\bin\\Debug\\net5.0\\fine-code-coverage\\build-output\\FunctionalTests.dll"},{"Key":{"Id":"TestCase.CodeFilePath","Label":"File Path","Category":"","Description":"","Attributes":0,"ValueType":"System.String"},"Value":null},{"Key":{"Id":"TestCase.DisplayName","Label":"Name","Category":"","Description":"","Attributes":0,"ValueType":"System.String"},"Value":"FunctionalTests.GrillMasterFunctionalTests.GenerateDataFromRoundGeneratorServiceWLimitValues"},{"Key":{"Id":"TestCase.Id","Label":"Id","Category":"","Description":"","Attributes":1,"ValueType":"System.Guid"},"Value":"e2c62363-c871-8ced-5fba-6e26dbc76abb"},{"Key":{"Id":"TestCase.LineNumber","Label":"Line Number","Category":"","Description":"","Attributes":1,"ValueType":"System.Int32"},"Value":0}]},"Attachments":[],"Messages":[],"Properties":[{"Key":{"Id":"TestResult.Outcome","Label":"Outcome","Category":"","Description":"","Attributes":0,"ValueType":"Microsoft.VisualStudio.TestPlatform.ObjectModel.TestOutcome, Microsoft.VisualStudio.TestPlatform.ObjectModel, Version=15.0.0.0, Culture=neutral, PublicKeyToken=b03f5f7f11d50a3a"},"Value":1},{"Key":{"Id":"TestResult.ErrorMessage","Label":"Error Message","Category":"","Description":"","Attributes":0,"ValueType":"System.String"},"Value":null},{"Key":{"Id":"TestResult.ErrorStackTrace","Label":"Error Stack Trace","Category":"","Description":"","Attributes":0,"ValueType":"System.String"},"Value":null},{"Key":{"Id":"TestResult.DisplayName","Label":"TestResult Display Name","Category":"","Description":"","Attributes":1,"ValueType":"System.String"},"Value":"FunctionalTests.GrillMasterFunctionalTests.GenerateDataFromRoundGeneratorServiceWLimitValues"},{"Key":{"Id":"TestResult.ComputerName","Label":"Computer Name","Category":"","Description":"","Attributes":0,"ValueType":"System.String"},"Value":"DESKTOP-GS2LDSL"},{"Key":{"Id":"TestResult.Duration","Label":"Duration","Category":"","Description":"","Attributes":0,"ValueType":"System.TimeSpan"},"Value":"00:00:00.0036414"},{"Key":{"Id":"TestResult.StartTime","Label":"Start Time","Category":"","Description":"","Attributes":0,"ValueType":"System.DateTimeOffset"},"Value":"2021-07-13T08:22:45.0345269+00:00"},{"Key":{"Id":"TestResult.EndTime","Label":"End Time","Category":"","Description":"","Attributes":0,"ValueType":"System.DateTimeOffset"},"Value":"2021-07-13T08:22:45.0345297+00:00"}]},{"TestCase":{"Properties":[{"Key":{"Id":"TestCase.FullyQualifiedName","Label":"FullyQualifiedName","Category":"","Description":"","Attributes":1,"ValueType":"System.String"},"Value":"FunctionalTests.GrillMasterFunctionalTests.GenerateDataFromRoundGeneratorService"},{"Key":{"Id":"TestCase.ExecutorUri","Label":"Executor Uri","Category":"","Description":"","Attributes":1,"ValueType":"System.Uri"},"Value":"executor://xunit/VsTestRunner2/netcoreapp"},{"Key":{"Id":"TestCase.Source","Label":"Source","Category":"","Description":"","Attributes":0,"ValueType":"System.String"},"Value":"C:\\Users\\RafaelAlamanac\\Desktop\\GrillMaster\\FunctionalTests\\bin\\Debug\\net5.0\\fine-code-coverage\\build-output\\FunctionalTests.dll"},{"Key":{"Id":"TestCase.CodeFilePath","Label":"File Path","Category":"","Description":"","Attributes":0,"ValueType":"System.String"},"Value":null},{"Key":{"Id":"TestCase.DisplayName","Label":"Name","Category":"","Description":"","Attributes":0,"ValueType":"System.String"},"Value":"FunctionalTests.GrillMasterFunctionalTests.GenerateDataFromRoundGeneratorService"},{"Key":{"Id":"TestCase.Id","Label":"Id","Category":"","Description":"","Attributes":1,"ValueType":"System.Guid"},"Value":"44e58fe9-4046-9cf7-9c2f-0b9d43f18125"},{"Key":{"Id":"TestCase.LineNumber","Label":"Line Number","Category":"","Description":"","Attributes":1,"ValueType":"System.Int32"},"Value":0}]},"Attachments":[],"Messages":[],"Properties":[{"Key":{"Id":"TestResult.Outcome","Label":"Outcome","Category":"","Description":"","Attributes":0,"ValueType":"Microsoft.VisualStudio.TestPlatform.ObjectModel.TestOutcome, Microsoft.VisualStudio.TestPlatform.ObjectModel, Version=15.0.0.0, Culture=neutral, PublicKeyToken=b03f5f7f11d50a3a"},"Value":1},{"Key":{"Id":"TestResult.ErrorMessage","Label":"Error Message","Category":"","Description":"","Attributes":0,"ValueType":"System.String"},"Value":null},{"Key":{"Id":"TestResult.ErrorStackTrace","Label":"Error Stack Trace","Category":"","Description":"","Attributes":0,"ValueType":"System.String"},"Value":null},{"Key":{"Id":"TestResult.DisplayName","Label":"TestResult Display Name","Category":"","Description":"","Attributes":1,"ValueType":"System.String"},"Value":"FunctionalTests.GrillMasterFunctionalTests.GenerateDataFromRoundGeneratorService"},{"Key":{"Id":"TestResult.ComputerName","Label":"Computer Name","Category":"","Description":"","Attributes":0,"ValueType":"System.String"},"Value":"DESKTOP-GS2LDSL"},{"Key":{"Id":"TestResult.Duration","Label":"Duration","Category":"","Description":"","Attributes":0,"ValueType":"System.TimeSpan"},"Value":"00:00:00.1679641"},{"Key":{"Id":"TestResult.StartTime","Label":"Start Time","Category":"","Description":"","Attributes":0,"ValueType":"System.DateTimeOffset"},"Value":"2021-07-13T08:22:45.2026802+00:00"},{"Key":{"Id":"TestResult.EndTime","Label":"End Time","Category":"","Description":"","Attributes":0,"ValueType":"System.DateTimeOffset"},"Value":"2021-07-13T08:22:45.2026822+00:00"}]}],"TestRunStatistics":{"ExecutedTests":5,"Stats":{"Passed":5}},"ActiveTests":[]},"RunAttachments":[],"ExecutorUris":["executor://xunit/VsTestRunner2/netcoreapp"]}}
TpTrace Verbose: 0 : 16600, 6, 2021/07/13, 10:22:45.237, 1323319527724, vstest.console.dll, TestRequestSender.EndSession: Sending end session.
TpTrace Verbose: 0 : 16600, 6, 2021/07/13, 10:22:45.238, 1323319528630, vstest.console.dll, ProxyOperationManager.Close: waiting for test host to exit for 100 ms
TpTrace Warning: 0 : 16600, 10, 2021/07/13, 10:22:45.283, 1323319980021, vstest.console.dll, TestHostManagerCallbacks.ErrorReceivedCallback Test host standard error line: 
TpTrace Verbose: 0 : 16600, 7, 2021/07/13, 10:22:45.294, 1323320089190, vstest.console.dll, TestHostProvider.ExitCallBack: Host exited starting callback.
TpTrace Information: 0 : 16600, 7, 2021/07/13, 10:22:45.294, 1323320093728, vstest.console.dll, TestHostManagerCallbacks.ExitCallBack: Testhost processId: 10832 exited with exitcode: 0 error: ''
TpTrace Verbose: 0 : 16600, 7, 2021/07/13, 10:22:45.294, 1323320094218, vstest.console.dll, DotnetTestHostManager.OnHostExited: invoking OnHostExited callback
TpTrace Verbose: 0 : 16600, 7, 2021/07/13, 10:22:45.294, 1323320094628, vstest.console.dll, CrossPlatEngine.TestHostManagerHostExited: calling on client process exit callback.
TpTrace Information: 0 : 16600, 7, 2021/07/13, 10:22:45.294, 1323320095116, vstest.console.dll, TestRequestSender.OnClientProcessExit: Test host process exited. Standard error: 
TpTrace Warning: 0 : 16600, 6, 2021/07/13, 10:22:45.294, 1323320095185, vstest.console.dll, ProxyOperationManager: Timed out waiting for test host to exit. Will terminate process.
TpTrace Information: 0 : 16600, 7, 2021/07/13, 10:22:45.294, 1323320095429, vstest.console.dll, SocketServer.Stop: Stop server endPoint: 127.0.0.1:64267
TpTrace Information: 0 : 16600, 7, 2021/07/13, 10:22:45.294, 1323320096020, vstest.console.dll, SocketServer.Stop: Cancellation requested. Stopping message loop.
TpTrace Verbose: 0 : 16600, 6, 2021/07/13, 10:22:45.295, 1323320104402, vstest.console.dll, ProxyDataCollectionManager.InvokeDataCollectionServiceAction: Starting.
TpTrace Information: 0 : 16600, 6, 2021/07/13, 10:22:45.295, 1323320104805, vstest.console.dll, ProxyDataCollectionManager.AfterTestRunEnd: Get attachment set for datacollector processId: 25576 port: 64264
TpTrace Verbose: 0 : 16600, 6, 2021/07/13, 10:22:45.295, 1323320105254, vstest.console.dll, DataCollectionRequestSender.SendAfterTestRunStartAndGetResult : Send AfterTestRunEnd message with isCancelled: False
TpTrace Verbose: 0 : 16600, 6, 2021/07/13, 10:22:45.300, 1323320151457, vstest.console.dll, DataCollectionRequestSender.SendAfterTestRunStartAndGetResult : Received message: (DataCollection.AfterTestRunEndResult) -> {
  "AttachmentSets": [],
  "Metrics": {}
}
TpTrace Information: 0 : 16600, 6, 2021/07/13, 10:22:45.304, 1323320194566, vstest.console.dll, ProxyDataCollectionManager.InvokeDataCollectionServiceAction: Completed.
TpTrace Warning: 0 : 16600, 9, 2021/07/13, 10:22:45.310, 1323320251703, vstest.console.dll, DataCollectionLauncher.ErrorReceivedCallback datacollector standard error line: 
TpTrace Information: 0 : 16600, 7, 2021/07/13, 10:22:45.314, 1323320291128, vstest.console.dll, DataCollectionLauncher.ExitCallBack: Data collector exited with exitcode: 0 error: ''
TpTrace Verbose: 0 : 16600, 6, 2021/07/13, 10:22:45.352, 1323320670375, vstest.console.dll, TestRunRequest:SendTestRunStatsChange: Starting.
TpTrace Information: 0 : 16600, 6, 2021/07/13, 10:22:45.352, 1323320672291, vstest.console.dll, TestRunRequest:SendTestRunStatsChange: Completed.
TpTrace Verbose: 0 : 16600, 6, 2021/07/13, 10:22:45.352, 1323320673537, vstest.console.dll, ParallelProxyExecutionManager: HandlePartialRunComplete: Total completed clients = 1, Run complete = True, Run canceled: False.
TpTrace Verbose: 0 : 16600, 6, 2021/07/13, 10:22:45.362, 1323320768995, vstest.console.dll, TestRunRequest:TestRunComplete: Starting. IsAborted:False IsCanceled:False.
TpTrace Verbose: 0 : 16600, 6, 2021/07/13, 10:22:45.362, 1323320770204, vstest.console.dll, TestLoggerManager.HandleTestRunComplete: Ignoring as the object is disposed.
TpTrace Information: 0 : 16600, 6, 2021/07/13, 10:22:45.362, 1323320772155, vstest.console.dll, TestRunRequest:TestRunComplete: Completed.
TpTrace Verbose: 0 : 16600, 1, 2021/07/13, 10:22:45.362, 1323320772357, vstest.console.dll, TestRunRequest.Dispose: Starting.
TpTrace Verbose: 0 : 16600, 6, 2021/07/13, 10:22:45.362, 1323320772526, vstest.console.dll, TestRequestSender.SetOperationComplete: Setting operation complete.
TpTrace Information: 0 : 16600, 1, 2021/07/13, 10:22:45.362, 1323320772947, vstest.console.dll, TestRunRequest.Dispose: Completed.
TpTrace Information: 0 : 16600, 6, 2021/07/13, 10:22:45.362, 1323320773424, vstest.console.dll, SocketServer.Stop: Stop server endPoint: 127.0.0.1:64267
TpTrace Information: 0 : 16600, 1, 2021/07/13, 10:22:45.362, 1323320773427, vstest.console.dll, TestRequestManager.RunTests: run tests completed.
TpTrace Information: 0 : 16600, 6, 2021/07/13, 10:22:45.362, 1323320773735, vstest.console.dll, SocketServer.Stop: Cancellation requested. Stopping message loop.
TpTrace Information: 0 : 16600, 6, 2021/07/13, 10:22:45.362, 1323320774355, vstest.console.dll, SocketServer.PrivateStop: Stop server endPoint: 127.0.0.1:64267 error: 
TpTrace Information: 0 : 16600, 1, 2021/07/13, 10:22:45.362, 1323320774367, vstest.console.dll, RunTestsArgumentProcessor:Execute: Test run is completed.
TpTrace Verbose: 0 : 16600, 1, 2021/07/13, 10:22:45.362, 1323320776127, vstest.console.dll, Executor.Execute: Exiting with exit code of 0
TpTrace Verbose: 0 : 16600, 6, 2021/07/13, 10:22:45.363, 1323320778225, vstest.console.dll, LengthPrefixCommunicationChannel.Dispose: Dispose reader and writer.
TpTrace Information: 0 : 16600, 6, 2021/07/13, 10:22:45.363, 1323320778744, vstest.console.dll, SocketServer.Stop: Raise disconnected event endPoint: 127.0.0.1:64267 error: 
TpTrace Verbose: 0 : 16600, 6, 2021/07/13, 10:22:45.367, 1323320820903, vstest.console.dll, TestRequestSender: OnTestRunAbort: Operation is already complete. Skip error message.
TpTrace Verbose: 0 : 16600, 6, 2021/07/13, 10:22:45.367, 1323320821319, vstest.console.dll, TcpClientExtensions.MessageLoopAsync: exiting MessageLoopAsync remoteEndPoint: 127.0.0.1:64268 localEndPoint: 127.0.0.1:64267
