TpTrace Verbose: 0 : 12012, 1, 2021/07/13, 10:22:47.064, 1323337814943, vstest.console.dll, Version: 16.9.0-release-20210216-04
TpTrace Information: 0 : 12012, 1, 2021/07/13, 10:22:47.072, 1323337876199, vstest.console.dll, FilePatternParser: The given file C:\Users\RafaelAlamanac\Desktop\GrillMaster\UnitTests\bin\Debug\net5.0\fine-code-coverage\build-output\UnitTests.dll is a full path.
TpTrace Verbose: 0 : 12012, 1, 2021/07/13, 10:22:47.077, 1323337926060, vstest.console.dll, TestPluginCache.DiscoverTestExtensions: finding test extensions in assemblies ends with: RuntimeProvider.dll TPluginInfo: Microsoft.VisualStudio.TestPlatform.Common.ExtensionFramework.Utilities.TestRuntimePluginInformation TExtension: Microsoft.VisualStudio.TestPlatform.ObjectModel.Host.ITestRuntimeProvider
TpTrace Verbose: 0 : 12012, 1, 2021/07/13, 10:22:47.078, 1323337934930, vstest.console.dll, TestPluginCache.GetExtensionPaths: Filtered extension paths: 
TpTrace Verbose: 0 : 12012, 1, 2021/07/13, 10:22:47.078, 1323337935649, vstest.console.dll, TestPluginCache.GetExtensionPaths: Added default extension paths: C:\Program Files\dotnet\sdk\5.0.200\Extensions\Microsoft.Diagnostics.NETCore.Client.dll
C:\Program Files\dotnet\sdk\5.0.200\Extensions\Microsoft.TestPlatform.Extensions.BlameDataCollector.dll
C:\Program Files\dotnet\sdk\5.0.200\Extensions\Microsoft.TestPlatform.Extensions.EventLogCollector.dll
C:\Program Files\dotnet\sdk\5.0.200\Extensions\Microsoft.TestPlatform.TestHostRuntimeProvider.dll
C:\Program Files\dotnet\sdk\5.0.200\Extensions\Microsoft.VisualStudio.TestPlatform.Extensions.Html.TestLogger.dll
C:\Program Files\dotnet\sdk\5.0.200\Extensions\Microsoft.VisualStudio.TestPlatform.Extensions.Trx.TestLogger.dll
TpTrace Verbose: 0 : 12012, 1, 2021/07/13, 10:22:47.078, 1323337935947, vstest.console.dll, TestPluginCache.GetExtensionPaths: Added unfilterableExtensionPaths: 
TpTrace Information: 0 : 12012, 1, 2021/07/13, 10:22:47.079, 1323337941701, vstest.console.dll, AssemblyResolver.ctor: Creating AssemblyResolver with searchDirectories C:\Program Files\dotnet\sdk\5.0.200\Extensions,C:\Program Files\dotnet\sdk\5.0.200
TpTrace Verbose: 0 : 12012, 1, 2021/07/13, 10:22:47.080, 1323337947960, vstest.console.dll, TestPluginCache.DiscoverTestExtensions: Discovering the extensions using extension path.
TpTrace Verbose: 0 : 12012, 1, 2021/07/13, 10:22:47.080, 1323337948764, vstest.console.dll, TestPluginCache.GetExtensionPaths: Filtered extension paths: 
TpTrace Verbose: 0 : 12012, 1, 2021/07/13, 10:22:47.080, 1323337949110, vstest.console.dll, TestPluginCache.GetExtensionPaths: Added default extension paths: C:\Program Files\dotnet\sdk\5.0.200\Extensions\Microsoft.Diagnostics.NETCore.Client.dll
C:\Program Files\dotnet\sdk\5.0.200\Extensions\Microsoft.TestPlatform.Extensions.BlameDataCollector.dll
C:\Program Files\dotnet\sdk\5.0.200\Extensions\Microsoft.TestPlatform.Extensions.EventLogCollector.dll
C:\Program Files\dotnet\sdk\5.0.200\Extensions\Microsoft.TestPlatform.TestHostRuntimeProvider.dll
C:\Program Files\dotnet\sdk\5.0.200\Extensions\Microsoft.VisualStudio.TestPlatform.Extensions.Html.TestLogger.dll
C:\Program Files\dotnet\sdk\5.0.200\Extensions\Microsoft.VisualStudio.TestPlatform.Extensions.Trx.TestLogger.dll
TpTrace Verbose: 0 : 12012, 1, 2021/07/13, 10:22:47.080, 1323337949361, vstest.console.dll, TestPluginCache.GetExtensionPaths: Added unfilterableExtensionPaths: 
TpTrace Verbose: 0 : 12012, 1, 2021/07/13, 10:22:47.080, 1323337949830, vstest.console.dll, TestPluginCache.DiscoverTestExtensions: Discovering the extensions using allExtensionPaths: C:\Program Files\dotnet\sdk\5.0.200\Extensions\Microsoft.Diagnostics.NETCore.Client.dll
C:\Program Files\dotnet\sdk\5.0.200\Extensions\Microsoft.TestPlatform.Extensions.BlameDataCollector.dll
C:\Program Files\dotnet\sdk\5.0.200\Extensions\Microsoft.TestPlatform.Extensions.EventLogCollector.dll
C:\Program Files\dotnet\sdk\5.0.200\Extensions\Microsoft.TestPlatform.TestHostRuntimeProvider.dll
C:\Program Files\dotnet\sdk\5.0.200\Extensions\Microsoft.VisualStudio.TestPlatform.Extensions.Html.TestLogger.dll
C:\Program Files\dotnet\sdk\5.0.200\Extensions\Microsoft.VisualStudio.TestPlatform.Extensions.Trx.TestLogger.dll
TpTrace Information: 0 : 12012, 1, 2021/07/13, 10:22:47.080, 1323337950892, vstest.console.dll, AssemblyResolver.AddSearchDirectories: Adding more searchDirectories C:\Program Files\dotnet\sdk\5.0.200\Extensions,C:\Program Files\dotnet\sdk\5.0.200
TpTrace Information: 0 : 12012, 1, 2021/07/13, 10:22:47.080, 1323337951394, vstest.console.dll, AssemblyResolver.AddSearchDirectories: Adding more searchDirectories C:\Program Files\dotnet\sdk\5.0.200\Extensions,C:\Program Files\dotnet\sdk\5.0.200
TpTrace Information: 0 : 12012, 1, 2021/07/13, 10:22:47.080, 1323337951696, vstest.console.dll, AssemblyResolver.AddSearchDirectories: Adding more searchDirectories C:\Program Files\dotnet\sdk\5.0.200\Extensions,C:\Program Files\dotnet\sdk\5.0.200
TpTrace Information: 0 : 12012, 1, 2021/07/13, 10:22:47.080, 1323337951931, vstest.console.dll, AssemblyResolver.AddSearchDirectories: Adding more searchDirectories C:\Program Files\dotnet\sdk\5.0.200\Extensions,C:\Program Files\dotnet\sdk\5.0.200
TpTrace Information: 0 : 12012, 1, 2021/07/13, 10:22:47.080, 1323337952181, vstest.console.dll, AssemblyResolver.AddSearchDirectories: Adding more searchDirectories C:\Program Files\dotnet\sdk\5.0.200\Extensions,C:\Program Files\dotnet\sdk\5.0.200
TpTrace Information: 0 : 12012, 1, 2021/07/13, 10:22:47.080, 1323337952413, vstest.console.dll, AssemblyResolver.AddSearchDirectories: Adding more searchDirectories C:\Program Files\dotnet\sdk\5.0.200\Extensions,C:\Program Files\dotnet\sdk\5.0.200
TpTrace Information: 0 : 12012, 1, 2021/07/13, 10:22:47.080, 1323337955405, vstest.console.dll, AssemblyResolver.OnResolve: Microsoft.Diagnostics.NETCore.Client: Resolving assembly.
TpTrace Information: 0 : 12012, 1, 2021/07/13, 10:22:47.081, 1323337967122, vstest.console.dll, AssemblyResolver.OnResolve: Resolved assembly: Microsoft.Diagnostics.NETCore.Client, from path: C:\Program Files\dotnet\sdk\5.0.200\Extensions\Microsoft.Diagnostics.NETCore.Client.dll
TpTrace Information: 0 : 12012, 1, 2021/07/13, 10:22:47.083, 1323337985639, vstest.console.dll, AssemblyResolver.OnResolve: Microsoft.Bcl.AsyncInterfaces: Resolving assembly.
TpTrace Information: 0 : 12012, 1, 2021/07/13, 10:22:47.083, 1323337987131, vstest.console.dll, AssemblyResolver.OnResolve: Microsoft.Bcl.AsyncInterfaces: Failed to load assembly.
TpTrace Verbose: 0 : 12012, 1, 2021/07/13, 10:22:47.083, 1323337987507, vstest.console.dll, CurrentDomain_AssemblyResolve: Resolving assembly 'Microsoft.Bcl.AsyncInterfaces'.
TpTrace Information: 0 : 12012, 1, 2021/07/13, 10:22:47.084, 1323337987993, vstest.console.dll, AssemblyResolver.OnResolve: Microsoft.Bcl.AsyncInterfaces: Resolving assembly.
TpTrace Information: 0 : 12012, 1, 2021/07/13, 10:22:47.084, 1323337988323, vstest.console.dll, AssemblyResolver.OnResolve: Microsoft.Bcl.AsyncInterfaces: Resolved from cache.
TpTrace Verbose: 0 : 12012, 1, 2021/07/13, 10:22:47.084, 1323337988565, vstest.console.dll, CurrentDomain_AssemblyResolve: Resolving assembly 'Microsoft.Bcl.AsyncInterfaces'.
TpTrace Verbose: 0 : 12012, 1, 2021/07/13, 10:22:47.084, 1323337988847, vstest.console.dll, CurrentDomainAssemblyResolve: Failed to resolve assembly 'Microsoft.Bcl.AsyncInterfaces'.
TpTrace Verbose: 0 : 12012, 1, 2021/07/13, 10:22:47.084, 1323337993756, vstest.console.dll, CurrentDomainAssemblyResolve: Failed to resolve assembly 'Microsoft.Bcl.AsyncInterfaces'.
TpTrace Warning: 0 : 12012, 1, 2021/07/13, 10:22:47.094, 1323338092518, vstest.console.dll, TestPluginDiscoverer: Failed to get types from assembly 'Microsoft.Diagnostics.NETCore.Client, Version=0.2.2.41902, Culture=neutral, PublicKeyToken=31bf3856ad364e35'.  Skipping test extension scan for this assembly.  Error: System.Reflection.ReflectionTypeLoadException: Unable to load one or more of the requested types.
Could not load file or assembly 'Microsoft.Bcl.AsyncInterfaces, Version=1.0.0.0, Culture=neutral, PublicKeyToken=cc7b13ffcd2ddd51'. El sistema no puede encontrar el archivo especificado.
   at System.Reflection.RuntimeModule.GetTypes(RuntimeModule module)
   at System.Reflection.RuntimeModule.GetTypes()
   at System.Reflection.Assembly.GetTypes()
   at Microsoft.VisualStudio.TestPlatform.Common.ExtensionFramework.TestPluginDiscoverer.GetTestExtensionsFromAssembly[TPluginInfo,TExtension](Assembly assembly, Dictionary`2 pluginInfos)
System.IO.FileNotFoundException: Could not load file or assembly 'Microsoft.Bcl.AsyncInterfaces, Version=1.0.0.0, Culture=neutral, PublicKeyToken=cc7b13ffcd2ddd51'. El sistema no puede encontrar el archivo especificado.
File name: 'Microsoft.Bcl.AsyncInterfaces, Version=1.0.0.0, Culture=neutral, PublicKeyToken=cc7b13ffcd2ddd51'
TpTrace Warning: 0 : 12012, 1, 2021/07/13, 10:22:47.094, 1323338093824, vstest.console.dll, LoaderExceptions: System.IO.FileNotFoundException: Could not load file or assembly 'Microsoft.Bcl.AsyncInterfaces, Version=1.0.0.0, Culture=neutral, PublicKeyToken=cc7b13ffcd2ddd51'. El sistema no puede encontrar el archivo especificado.
File name: 'Microsoft.Bcl.AsyncInterfaces, Version=1.0.0.0, Culture=neutral, PublicKeyToken=cc7b13ffcd2ddd51'
TpTrace Information: 0 : 12012, 1, 2021/07/13, 10:22:47.094, 1323338094763, vstest.console.dll, AssemblyResolver.OnResolve: Microsoft.TestPlatform.Extensions.BlameDataCollector: Resolving assembly.
TpTrace Information: 0 : 12012, 1, 2021/07/13, 10:22:47.095, 1323338102411, vstest.console.dll, AssemblyResolver.OnResolve: Resolved assembly: Microsoft.TestPlatform.Extensions.BlameDataCollector, from path: C:\Program Files\dotnet\sdk\5.0.200\Extensions\Microsoft.TestPlatform.Extensions.BlameDataCollector.dll
TpTrace Information: 0 : 12012, 1, 2021/07/13, 10:22:47.095, 1323338106574, vstest.console.dll, AssemblyResolver.OnResolve: Microsoft.TestPlatform.Extensions.EventLogCollector: Resolving assembly.
TpTrace Information: 0 : 12012, 1, 2021/07/13, 10:22:47.096, 1323338113157, vstest.console.dll, AssemblyResolver.OnResolve: Resolved assembly: Microsoft.TestPlatform.Extensions.EventLogCollector, from path: C:\Program Files\dotnet\sdk\5.0.200\Extensions\Microsoft.TestPlatform.Extensions.EventLogCollector.dll
TpTrace Information: 0 : 12012, 1, 2021/07/13, 10:22:47.097, 1323338126744, vstest.console.dll, AssemblyResolver.OnResolve: Microsoft.TestPlatform.TestHostRuntimeProvider: Resolving assembly.
TpTrace Information: 0 : 12012, 1, 2021/07/13, 10:22:47.098, 1323338133699, vstest.console.dll, AssemblyResolver.OnResolve: Resolved assembly: Microsoft.TestPlatform.TestHostRuntimeProvider, from path: C:\Program Files\dotnet\sdk\5.0.200\Extensions\Microsoft.TestPlatform.TestHostRuntimeProvider.dll
TpTrace Information: 0 : 12012, 1, 2021/07/13, 10:22:47.099, 1323338141753, vstest.console.dll, AssemblyResolver.OnResolve: Microsoft.VisualStudio.TestPlatform.Extensions.Html.TestLogger: Resolving assembly.
TpTrace Information: 0 : 12012, 1, 2021/07/13, 10:22:47.100, 1323338148655, vstest.console.dll, AssemblyResolver.OnResolve: Resolved assembly: Microsoft.VisualStudio.TestPlatform.Extensions.Html.TestLogger, from path: C:\Program Files\dotnet\sdk\5.0.200\Extensions\Microsoft.VisualStudio.TestPlatform.Extensions.Html.TestLogger.dll
TpTrace Information: 0 : 12012, 1, 2021/07/13, 10:22:47.100, 1323338150799, vstest.console.dll, AssemblyResolver.OnResolve: Microsoft.VisualStudio.TestPlatform.Extensions.Trx.TestLogger: Resolving assembly.
TpTrace Information: 0 : 12012, 1, 2021/07/13, 10:22:47.101, 1323338158902, vstest.console.dll, AssemblyResolver.OnResolve: Resolved assembly: Microsoft.VisualStudio.TestPlatform.Extensions.Trx.TestLogger, from path: C:\Program Files\dotnet\sdk\5.0.200\Extensions\Microsoft.VisualStudio.TestPlatform.Extensions.Trx.TestLogger.dll
TpTrace Verbose: 0 : 12012, 1, 2021/07/13, 10:22:47.101, 1323338162323, vstest.console.dll, TestPluginCache: Discovered the extensions using extension path ''.
TpTrace Verbose: 0 : 12012, 1, 2021/07/13, 10:22:47.101, 1323338162724, vstest.console.dll, TestPluginCache: Discoverers are ''.
TpTrace Verbose: 0 : 12012, 1, 2021/07/13, 10:22:47.101, 1323338162938, vstest.console.dll, TestPluginCache: Executors are ''.
TpTrace Verbose: 0 : 12012, 1, 2021/07/13, 10:22:47.101, 1323338163184, vstest.console.dll, TestPluginCache: Executors2 are ''.
TpTrace Verbose: 0 : 12012, 1, 2021/07/13, 10:22:47.101, 1323338163390, vstest.console.dll, TestPluginCache: Setting providers are ''.
TpTrace Verbose: 0 : 12012, 1, 2021/07/13, 10:22:47.101, 1323338163577, vstest.console.dll, TestPluginCache: Loggers are ''.
TpTrace Information: 0 : 12012, 1, 2021/07/13, 10:22:47.104, 1323338196563, vstest.console.dll, RunTestsArgumentProcessor:Execute: Test run is starting.
TpTrace Verbose: 0 : 12012, 1, 2021/07/13, 10:22:47.104, 1323338197047, vstest.console.dll, RunTestsArgumentProcessor:Execute: Queuing Test run.
TpTrace Information: 0 : 12012, 1, 2021/07/13, 10:22:47.105, 1323338198374, vstest.console.dll, TestRequestManager.RunTests: run tests started.
TpTrace Information: 0 : 12012, 1, 2021/07/13, 10:22:47.107, 1323338220811, vstest.console.dll, AssemblyMetadataProvider.GetFrameWork: Determined framework:'.NETCoreApp,Version=v5.0' for source: 'C:\Users\RafaelAlamanac\Desktop\GrillMaster\UnitTests\bin\Debug\net5.0\fine-code-coverage\build-output\UnitTests.dll'
TpTrace Information: 0 : 12012, 1, 2021/07/13, 10:22:47.107, 1323338221862, vstest.console.dll, Determined framework for all sources: .NETCoreApp,Version=v5.0
TpTrace Information: 0 : 12012, 1, 2021/07/13, 10:22:47.107, 1323338224470, vstest.console.dll, AssemblyMetadataProvider.GetArchitecture: Determined architecture:AnyCPU info for assembly: C:\Users\RafaelAlamanac\Desktop\GrillMaster\UnitTests\bin\Debug\net5.0\fine-code-coverage\build-output\UnitTests.dll
TpTrace Information: 0 : 12012, 1, 2021/07/13, 10:22:47.109, 1323338238160, vstest.console.dll, Determined platform for all sources: X64
TpTrace Information: 0 : 12012, 1, 2021/07/13, 10:22:47.111, 1323338258155, vstest.console.dll, Compatible sources list : 
TpTrace Information: 0 : 12012, 1, 2021/07/13, 10:22:47.111, 1323338258665, vstest.console.dll, C:\Users\RafaelAlamanac\Desktop\GrillMaster\UnitTests\bin\Debug\net5.0\fine-code-coverage\build-output\UnitTests.dll
TpTrace Information: 0 : 12012, 1, 2021/07/13, 10:22:47.112, 1323338272779, vstest.console.dll, InferRunSettingsHelper.IsTestSettingsEnabled: Unable to navigate to RunSettings/MSTest. Current node: RunSettings
TpTrace Information: 0 : 12012, 1, 2021/07/13, 10:22:47.113, 1323338278445, vstest.console.dll, AssemblyResolver.OnResolve: Microsoft.VisualStudio.TestPlatform.Fakes: Resolving assembly.
TpTrace Information: 0 : 12012, 1, 2021/07/13, 10:22:47.113, 1323338280163, vstest.console.dll, AssemblyResolver.OnResolve: Microsoft.VisualStudio.TestPlatform.Fakes: Failed to load assembly.
TpTrace Information: 0 : 12012, 1, 2021/07/13, 10:22:47.113, 1323338282833, vstest.console.dll, Failed to create newly implemented Fakes Configurator. Reason:System.IO.FileNotFoundException: Could not load file or assembly 'Microsoft.VisualStudio.TestPlatform.Fakes, Version=16.0.0.0, Culture=neutral, PublicKeyToken=null'. El sistema no puede encontrar el archivo especificado.
File name: 'Microsoft.VisualStudio.TestPlatform.Fakes, Version=16.0.0.0, Culture=neutral, PublicKeyToken=null'
   at System.Reflection.RuntimeAssembly.InternalLoad(ObjectHandleOnStack assemblyName, ObjectHandleOnStack requestingAssembly, StackCrawlMarkHandle stackMark, Boolean throwOnFileNotFound, ObjectHandleOnStack assemblyLoadContext, ObjectHandleOnStack retAssembly)
   at System.Reflection.RuntimeAssembly.InternalLoad(AssemblyName assemblyName, RuntimeAssembly requestingAssembly, StackCrawlMark& stackMark, Boolean throwOnFileNotFound, AssemblyLoadContext assemblyLoadContext)
   at System.Reflection.Assembly.Load(AssemblyName assemblyRef)
   at Microsoft.VisualStudio.TestPlatform.Common.Utilities.FakesUtilities.TryGetFakesCrossPlatformDataCollectorConfigurator() 
TpTrace Verbose: 0 : 12012, 1, 2021/07/13, 10:22:47.116, 1323338310041, vstest.console.dll, TestPluginCache.DiscoverTestExtensions: finding test extensions in assemblies ends with: TestLogger.dll TPluginInfo: Microsoft.VisualStudio.TestPlatform.Common.ExtensionFramework.Utilities.TestLoggerPluginInformation TExtension: Microsoft.VisualStudio.TestPlatform.ObjectModel.Client.ITestLogger
TpTrace Verbose: 0 : 12012, 1, 2021/07/13, 10:22:47.116, 1323338310969, vstest.console.dll, TestPluginCache.GetExtensionPaths: Filtered extension paths: 
TpTrace Verbose: 0 : 12012, 1, 2021/07/13, 10:22:47.116, 1323338311282, vstest.console.dll, TestPluginCache.GetExtensionPaths: Added default extension paths: C:\Program Files\dotnet\sdk\5.0.200\Extensions\Microsoft.Diagnostics.NETCore.Client.dll
C:\Program Files\dotnet\sdk\5.0.200\Extensions\Microsoft.TestPlatform.Extensions.BlameDataCollector.dll
C:\Program Files\dotnet\sdk\5.0.200\Extensions\Microsoft.TestPlatform.Extensions.EventLogCollector.dll
C:\Program Files\dotnet\sdk\5.0.200\Extensions\Microsoft.TestPlatform.TestHostRuntimeProvider.dll
C:\Program Files\dotnet\sdk\5.0.200\Extensions\Microsoft.VisualStudio.TestPlatform.Extensions.Html.TestLogger.dll
C:\Program Files\dotnet\sdk\5.0.200\Extensions\Microsoft.VisualStudio.TestPlatform.Extensions.Trx.TestLogger.dll
TpTrace Verbose: 0 : 12012, 1, 2021/07/13, 10:22:47.116, 1323338311558, vstest.console.dll, TestPluginCache.GetExtensionPaths: Added unfilterableExtensionPaths: 
TpTrace Information: 0 : 12012, 1, 2021/07/13, 10:22:47.116, 1323338312601, vstest.console.dll, AssemblyResolver.AddSearchDirectories: Adding more searchDirectories C:\Program Files\dotnet\sdk\5.0.200\Extensions,C:\Program Files\dotnet\sdk\5.0.200
TpTrace Verbose: 0 : 12012, 1, 2021/07/13, 10:22:47.116, 1323338312980, vstest.console.dll, TestPluginCache.DiscoverTestExtensions: Discovering the extensions using extension path.
TpTrace Verbose: 0 : 12012, 1, 2021/07/13, 10:22:47.116, 1323338313204, vstest.console.dll, TestPluginCache.GetExtensionPaths: Filtered extension paths: 
TpTrace Verbose: 0 : 12012, 1, 2021/07/13, 10:22:47.116, 1323338313411, vstest.console.dll, TestPluginCache.GetExtensionPaths: Added default extension paths: C:\Program Files\dotnet\sdk\5.0.200\Extensions\Microsoft.Diagnostics.NETCore.Client.dll
C:\Program Files\dotnet\sdk\5.0.200\Extensions\Microsoft.TestPlatform.Extensions.BlameDataCollector.dll
C:\Program Files\dotnet\sdk\5.0.200\Extensions\Microsoft.TestPlatform.Extensions.EventLogCollector.dll
C:\Program Files\dotnet\sdk\5.0.200\Extensions\Microsoft.TestPlatform.TestHostRuntimeProvider.dll
C:\Program Files\dotnet\sdk\5.0.200\Extensions\Microsoft.VisualStudio.TestPlatform.Extensions.Html.TestLogger.dll
C:\Program Files\dotnet\sdk\5.0.200\Extensions\Microsoft.VisualStudio.TestPlatform.Extensions.Trx.TestLogger.dll
TpTrace Verbose: 0 : 12012, 1, 2021/07/13, 10:22:47.116, 1323338313662, vstest.console.dll, TestPluginCache.GetExtensionPaths: Added unfilterableExtensionPaths: 
TpTrace Verbose: 0 : 12012, 1, 2021/07/13, 10:22:47.116, 1323338313946, vstest.console.dll, TestPluginCache.DiscoverTestExtensions: Discovering the extensions using allExtensionPaths: C:\Program Files\dotnet\sdk\5.0.200\Extensions\Microsoft.Diagnostics.NETCore.Client.dll
C:\Program Files\dotnet\sdk\5.0.200\Extensions\Microsoft.TestPlatform.Extensions.BlameDataCollector.dll
C:\Program Files\dotnet\sdk\5.0.200\Extensions\Microsoft.TestPlatform.Extensions.EventLogCollector.dll
C:\Program Files\dotnet\sdk\5.0.200\Extensions\Microsoft.TestPlatform.TestHostRuntimeProvider.dll
C:\Program Files\dotnet\sdk\5.0.200\Extensions\Microsoft.VisualStudio.TestPlatform.Extensions.Html.TestLogger.dll
C:\Program Files\dotnet\sdk\5.0.200\Extensions\Microsoft.VisualStudio.TestPlatform.Extensions.Trx.TestLogger.dll
TpTrace Information: 0 : 12012, 1, 2021/07/13, 10:22:47.116, 1323338314368, vstest.console.dll, AssemblyResolver.AddSearchDirectories: Adding more searchDirectories C:\Program Files\dotnet\sdk\5.0.200\Extensions,C:\Program Files\dotnet\sdk\5.0.200
TpTrace Information: 0 : 12012, 1, 2021/07/13, 10:22:47.116, 1323338314620, vstest.console.dll, AssemblyResolver.AddSearchDirectories: Adding more searchDirectories C:\Program Files\dotnet\sdk\5.0.200\Extensions,C:\Program Files\dotnet\sdk\5.0.200
TpTrace Information: 0 : 12012, 1, 2021/07/13, 10:22:47.116, 1323338315076, vstest.console.dll, AssemblyResolver.AddSearchDirectories: Adding more searchDirectories C:\Program Files\dotnet\sdk\5.0.200\Extensions,C:\Program Files\dotnet\sdk\5.0.200
TpTrace Information: 0 : 12012, 1, 2021/07/13, 10:22:47.116, 1323338315384, vstest.console.dll, AssemblyResolver.AddSearchDirectories: Adding more searchDirectories C:\Program Files\dotnet\sdk\5.0.200\Extensions,C:\Program Files\dotnet\sdk\5.0.200
TpTrace Information: 0 : 12012, 1, 2021/07/13, 10:22:47.116, 1323338315608, vstest.console.dll, AssemblyResolver.AddSearchDirectories: Adding more searchDirectories C:\Program Files\dotnet\sdk\5.0.200\Extensions,C:\Program Files\dotnet\sdk\5.0.200
TpTrace Information: 0 : 12012, 1, 2021/07/13, 10:22:47.116, 1323338315821, vstest.console.dll, AssemblyResolver.AddSearchDirectories: Adding more searchDirectories C:\Program Files\dotnet\sdk\5.0.200\Extensions,C:\Program Files\dotnet\sdk\5.0.200
TpTrace Information: 0 : 12012, 1, 2021/07/13, 10:22:47.116, 1323338317682, vstest.console.dll, AssemblyResolver.OnResolve: Microsoft.Bcl.AsyncInterfaces: Resolving assembly.
TpTrace Information: 0 : 12012, 1, 2021/07/13, 10:22:47.117, 1323338317992, vstest.console.dll, AssemblyResolver.OnResolve: Microsoft.Bcl.AsyncInterfaces: Resolved from cache.
TpTrace Verbose: 0 : 12012, 1, 2021/07/13, 10:22:47.117, 1323338318230, vstest.console.dll, CurrentDomain_AssemblyResolve: Resolving assembly 'Microsoft.Bcl.AsyncInterfaces'.
TpTrace Information: 0 : 12012, 1, 2021/07/13, 10:22:47.117, 1323338318645, vstest.console.dll, AssemblyResolver.OnResolve: Microsoft.Bcl.AsyncInterfaces: Resolving assembly.
TpTrace Information: 0 : 12012, 1, 2021/07/13, 10:22:47.117, 1323338318873, vstest.console.dll, AssemblyResolver.OnResolve: Microsoft.Bcl.AsyncInterfaces: Resolved from cache.
TpTrace Verbose: 0 : 12012, 1, 2021/07/13, 10:22:47.117, 1323338319134, vstest.console.dll, CurrentDomain_AssemblyResolve: Resolving assembly 'Microsoft.Bcl.AsyncInterfaces'.
TpTrace Verbose: 0 : 12012, 1, 2021/07/13, 10:22:47.117, 1323338319340, vstest.console.dll, CurrentDomainAssemblyResolve: Failed to resolve assembly 'Microsoft.Bcl.AsyncInterfaces'.
TpTrace Verbose: 0 : 12012, 1, 2021/07/13, 10:22:47.117, 1323338320349, vstest.console.dll, CurrentDomainAssemblyResolve: Failed to resolve assembly 'Microsoft.Bcl.AsyncInterfaces'.
TpTrace Warning: 0 : 12012, 1, 2021/07/13, 10:22:47.117, 1323338322315, vstest.console.dll, TestPluginDiscoverer: Failed to get types from assembly 'Microsoft.Diagnostics.NETCore.Client, Version=0.2.2.41902, Culture=neutral, PublicKeyToken=31bf3856ad364e35'.  Skipping test extension scan for this assembly.  Error: System.Reflection.ReflectionTypeLoadException: Unable to load one or more of the requested types.
Could not load file or assembly 'Microsoft.Bcl.AsyncInterfaces, Version=1.0.0.0, Culture=neutral, PublicKeyToken=cc7b13ffcd2ddd51'. El sistema no puede encontrar el archivo especificado.
   at System.Reflection.RuntimeModule.GetTypes(RuntimeModule module)
   at System.Reflection.RuntimeModule.GetTypes()
   at System.Reflection.Assembly.GetTypes()
   at Microsoft.VisualStudio.TestPlatform.Common.ExtensionFramework.TestPluginDiscoverer.GetTestExtensionsFromAssembly[TPluginInfo,TExtension](Assembly assembly, Dictionary`2 pluginInfos)
System.IO.FileNotFoundException: Could not load file or assembly 'Microsoft.Bcl.AsyncInterfaces, Version=1.0.0.0, Culture=neutral, PublicKeyToken=cc7b13ffcd2ddd51'. El sistema no puede encontrar el archivo especificado.
File name: 'Microsoft.Bcl.AsyncInterfaces, Version=1.0.0.0, Culture=neutral, PublicKeyToken=cc7b13ffcd2ddd51'
TpTrace Warning: 0 : 12012, 1, 2021/07/13, 10:22:47.117, 1323338322670, vstest.console.dll, LoaderExceptions: System.IO.FileNotFoundException: Could not load file or assembly 'Microsoft.Bcl.AsyncInterfaces, Version=1.0.0.0, Culture=neutral, PublicKeyToken=cc7b13ffcd2ddd51'. El sistema no puede encontrar el archivo especificado.
File name: 'Microsoft.Bcl.AsyncInterfaces, Version=1.0.0.0, Culture=neutral, PublicKeyToken=cc7b13ffcd2ddd51'
TpTrace Verbose: 0 : 12012, 1, 2021/07/13, 10:22:47.117, 1323338325620, vstest.console.dll, TestPluginCache: Discovered the extensions using extension path ''.
TpTrace Verbose: 0 : 12012, 1, 2021/07/13, 10:22:47.117, 1323338325968, vstest.console.dll, TestPluginCache: Discoverers are ''.
TpTrace Verbose: 0 : 12012, 1, 2021/07/13, 10:22:47.117, 1323338326172, vstest.console.dll, TestPluginCache: Executors are ''.
TpTrace Verbose: 0 : 12012, 1, 2021/07/13, 10:22:47.117, 1323338326352, vstest.console.dll, TestPluginCache: Executors2 are ''.
TpTrace Verbose: 0 : 12012, 1, 2021/07/13, 10:22:47.117, 1323338326529, vstest.console.dll, TestPluginCache: Setting providers are ''.
TpTrace Verbose: 0 : 12012, 1, 2021/07/13, 10:22:47.117, 1323338326977, vstest.console.dll, TestPluginCache: Loggers are 'logger://Microsoft/TestPlatform/Extensions/Blame/v1,logger://Microsoft/TestPlatform/HtmlLogger/v1,logger://Microsoft/TestPlatform/TrxLogger/v1'.
TpTrace Information: 0 : 12012, 1, 2021/07/13, 10:22:47.118, 1323338331454, vstest.console.dll, TestPluginManager.CreateTestExtension: Attempting to load test extension: Microsoft.TestPlatform.Extensions.BlameDataCollector.BlameLogger
TpTrace Information: 0 : 12012, 1, 2021/07/13, 10:22:47.125, 1323338401566, vstest.console.dll, TestPluginManager.CreateTestExtension: Attempting to load test extension: Microsoft.VisualStudio.TestPlatform.CrossPlatEngine.Hosting.DefaultTestHostManager
TpTrace Information: 0 : 12012, 1, 2021/07/13, 10:22:47.125, 1323338404597, vstest.console.dll, TestPluginManager.CreateTestExtension: Attempting to load test extension: Microsoft.VisualStudio.TestPlatform.CrossPlatEngine.Hosting.DotnetTestHostManager
TpTrace Verbose: 0 : 12012, 1, 2021/07/13, 10:22:47.126, 1323338408393, vstest.console.dll, TestEngine: Initializing Parallel Execution as MaxCpuCount is set to: 1
TpTrace Information: 0 : 12012, 1, 2021/07/13, 10:22:47.126, 1323338412456, vstest.console.dll, InferRunSettingsHelper.IsTestSettingsEnabled: Unable to navigate to RunSettings/MSTest. Current node: RunSettings
TpTrace Verbose: 0 : 12012, 1, 2021/07/13, 10:22:47.136, 1323338508024, vstest.console.dll, TestRequestSender is acting as server
TpTrace Verbose: 0 : 12012, 4, 2021/07/13, 10:22:47.138, 1323338530132, vstest.console.dll, DataCollectionRequestSender.InitializeCommunication : Initialize communication. 
TpTrace Information: 0 : 12012, 4, 2021/07/13, 10:22:47.146, 1323338608952, vstest.console.dll, Listening on Endpoint : 127.0.0.1:56896
TpTrace Verbose: 0 : 12012, 4, 2021/07/13, 10:22:47.154, 1323338688817, vstest.console.dll, DotnetDataCollectionLauncher: Full path of dotnet.exe is C:\Program Files\dotnet\dotnet.exe
TpTrace Verbose: 0 : 12012, 4, 2021/07/13, 10:22:47.154, 1323338689962, vstest.console.dll, DotnetDataCollectionLauncher: Adding  --runtimeconfig "C:\Program Files\dotnet\sdk\5.0.200\datacollector.runtimeconfig.json" in args
TpTrace Verbose: 0 : 12012, 4, 2021/07/13, 10:22:47.154, 1323338690596, vstest.console.dll, DotnetDataCollectionLauncher: Adding  --depsfile "C:\Program Files\dotnet\sdk\5.0.200\datacollector.deps.json" in args
TpTrace Information: 0 : 12012, 4, 2021/07/13, 10:22:47.162, 1323338775534, vstest.console.dll, ProxyDataCollectionManager.Initialize: Launched datacollector processId: 3408 port: 56896
TpTrace Information: 0 : 12012, 4, 2021/07/13, 10:22:47.162, 1323338777645, vstest.console.dll, ProxyDataCollectionManager.Initialize: waiting for connection with timeout: 90 seconds
TpTrace Verbose: 0 : 12012, 4, 2021/07/13, 10:22:47.163, 1323338778591, vstest.console.dll, DataCollectionRequestSender.WaitForRequestHandlerConnection : Waiting for connection with timeout: 90000
TpTrace Information: 0 : 12012, 7, 2021/07/13, 10:22:47.289, 1323340043624, vstest.console.dll, Using the buffer size of 16384 bytes
TpTrace Verbose: 0 : 12012, 4, 2021/07/13, 10:22:47.289, 1323340044325, vstest.console.dll, ProxyDataCollectionManager.InvokeDataCollectionServiceAction: Starting.
TpTrace Information: 0 : 12012, 7, 2021/07/13, 10:22:47.289, 1323340044430, vstest.console.dll, Accepted Client request and set the flag
TpTrace Information: 0 : 12012, 4, 2021/07/13, 10:22:47.289, 1323340045637, vstest.console.dll, ProxyDataCollectionManager.BeforeTestRunStart: Get environment variable and port for datacollector processId: 3408 port: 56896
TpTrace Verbose: 0 : 12012, 4, 2021/07/13, 10:22:47.289, 1323340046453, vstest.console.dll, DataCollectionRequestSender.SendBeforeTestRunStartAndGetResult : Send BeforeTestRunStart message with settingsXml <RunSettings><RunConfiguration><ResultsDirectory>C:\Users\RafaelAlamanac\Desktop\GrillMaster\UnitTests\bin\Debug\net5.0\fine-code-coverage\coverage-tool-output</ResultsDirectory><TargetPlatform>X64</TargetPlatform><TargetFrameworkVersion>.NETCoreApp,Version=v5.0</TargetFrameworkVersion><DesignMode>False</DesignMode><CollectSourceInformation>False</CollectSourceInformation><TestAdaptersPaths>C:\Program Files\dotnet\sdk\5.0.200\Extensions</TestAdaptersPaths></RunConfiguration><LoggerRunSettings><Loggers><Logger friendlyName="blame" enabled="True" /><Logger friendlyName="Console" uri="logger://microsoft/TestPlatform/ConsoleLogger/v1" assemblyQualifiedName="Microsoft.VisualStudio.TestPlatform.CommandLine.Internal.ConsoleLogger, vstest.console, Version=15.0.0.0, Culture=neutral, PublicKeyToken=b03f5f7f11d50a3a" codeBase="C:\Program Files\dotnet\sdk\5.0.200\vstest.console.dll" enabled="True" /></Loggers></LoggerRunSettings><DataCollectionRunSettings><DataCollectors><DataCollector friendlyName="blame" enabled="True"><Configuration><ResultsDirectory>C:\Users\RafaelAlamanac\Desktop\GrillMaster\UnitTests\bin\Debug\net5.0\fine-code-coverage\coverage-tool-output</ResultsDirectory></Configuration></DataCollector></DataCollectors></DataCollectionRunSettings></RunSettings> and sources System.Linq.Enumerable+Concat2Iterator`1[System.String]: 
TpTrace Verbose: 0 : 12012, 4, 2021/07/13, 10:22:47.343, 1323340586074, vstest.console.dll, DataCollectionRequestSender.SendBeforeTestRunStartAndGetResult : Received message: (DataCollection.SendMessage) -> {
  "FriendlyName": null,
  "Uri": null,
  "TestCaseId": "00000000-0000-0000-0000-000000000000",
  "Message": "Logging DataCollector Diagnostics in file: C:\\Users\\RafaelAlamanac\\Desktop\\GrillMaster\\UnitTests\\bin\\Debug\\net5.0\\fine-code-coverage\\coverage-tool-output\\diagnostics.datacollector.21-07-13_10-22-47_15061_4.log",
  "Level": 0
}
TpTrace Information: 0 : 12012, 4, 2021/07/13, 10:22:47.348, 1323340629398, vstest.console.dll, AssemblyResolver.OnResolve: Microsoft.VisualStudio.TestPlatform.Common.resources: Resolving assembly.
TpTrace Information: 0 : 12012, 4, 2021/07/13, 10:22:47.348, 1323340631366, vstest.console.dll, AssemblyResolver.OnResolve: Microsoft.VisualStudio.TestPlatform.Common.resources: Failed to load assembly.
TpTrace Verbose: 0 : 12012, 4, 2021/07/13, 10:22:47.391, 1323341061776, vstest.console.dll, DataCollectionRequestSender.SendBeforeTestRunStartAndGetResult : Received message: (DataCollection.BeforeTestRunStartResult) -> {
  "EnvironmentVariables": {},
  "DataCollectionEventsPort": 56898
}
TpTrace Information: 0 : 12012, 4, 2021/07/13, 10:22:47.394, 1323341093302, vstest.console.dll, ProxyDataCollectionManager.BeforeTestRunStart: SendBeforeTestRunStartAndGetResult successful, env variable from datacollector:   and testhost port: 56898
TpTrace Information: 0 : 12012, 4, 2021/07/13, 10:22:47.394, 1323341094230, vstest.console.dll, ProxyDataCollectionManager.InvokeDataCollectionServiceAction: Completed.
TpTrace Verbose: 0 : 12012, 1, 2021/07/13, 10:22:47.394, 1323341095260, vstest.console.dll, TestRunRequest.ExecuteAsync: Creating test run request.
TpTrace Verbose: 0 : 12012, 1, 2021/07/13, 10:22:47.394, 1323341097513, vstest.console.dll, TestRunRequest.ExecuteAsync: Starting.
TpTrace Information: 0 : 12012, 1, 2021/07/13, 10:22:47.395, 1323341099660, vstest.console.dll, TestRunRequest.ExecuteAsync: Starting run with settings:TestRunCriteria:
   KeepAlive=False,FrequencyOfRunStatsChangeEvent=10,RunStatsChangeEventTimeout=00:00:01.5000000,TestCaseFilter=,TestExecutorLauncher=
   Settingsxml=<RunSettings>
  <RunConfiguration>
    <ResultsDirectory>C:\Users\RafaelAlamanac\Desktop\GrillMaster\UnitTests\bin\Debug\net5.0\fine-code-coverage\coverage-tool-output</ResultsDirectory>
    <TargetPlatform>X64</TargetPlatform>
    <TargetFrameworkVersion>.NETCoreApp,Version=v5.0</TargetFrameworkVersion>
    <DesignMode>False</DesignMode>
    <CollectSourceInformation>False</CollectSourceInformation>
  </RunConfiguration>
  <LoggerRunSettings>
    <Loggers>
      <Logger friendlyName="blame" enabled="True" />
      <Logger friendlyName="Console" uri="logger://microsoft/TestPlatform/ConsoleLogger/v1" assemblyQualifiedName="Microsoft.VisualStudio.TestPlatform.CommandLine.Internal.ConsoleLogger, vstest.console, Version=15.0.0.0, Culture=neutral, PublicKeyToken=b03f5f7f11d50a3a" codeBase="C:\Program Files\dotnet\sdk\5.0.200\vstest.console.dll" enabled="True" />
    </Loggers>
  </LoggerRunSettings>
  <DataCollectionRunSettings>
    <DataCollectors>
      <DataCollector friendlyName="blame" enabled="True">
        <Configuration>
          <ResultsDirectory>C:\Users\RafaelAlamanac\Desktop\GrillMaster\UnitTests\bin\Debug\net5.0\fine-code-coverage\coverage-tool-output</ResultsDirectory>
        </Configuration>
      </DataCollector>
    </DataCollectors>
  </DataCollectionRunSettings>
</RunSettings>

TpTrace Verbose: 0 : 12012, 1, 2021/07/13, 10:22:47.395, 1323341100096, vstest.console.dll, TestRunRequest.ExecuteAsync: Wait for the first run request is over.
TpTrace Verbose: 0 : 12012, 1, 2021/07/13, 10:22:47.395, 1323341103415, vstest.console.dll, ParallelProxyExecutionManager: Start execution. Total sources: 1
TpTrace Information: 0 : 12012, 1, 2021/07/13, 10:22:47.396, 1323341109070, vstest.console.dll, ProxyParallelExecutionManager: Triggering test run for next source: C:\Users\RafaelAlamanac\Desktop\GrillMaster\UnitTests\bin\Debug\net5.0\fine-code-coverage\build-output\UnitTests.dll
TpTrace Verbose: 0 : 12012, 6, 2021/07/13, 10:22:47.396, 1323341110579, vstest.console.dll, ParallelProxyExecutionManager: Execution started. Started clients: 1
TpTrace Verbose: 0 : 12012, 1, 2021/07/13, 10:22:47.396, 1323341110810, vstest.console.dll, ProxyParallelExecutionManager: No sources available for execution.
TpTrace Information: 0 : 12012, 1, 2021/07/13, 10:22:47.396, 1323341111291, vstest.console.dll, TestRunRequest.ExecuteAsync: Started.
TpTrace Verbose: 0 : 12012, 1, 2021/07/13, 10:22:47.396, 1323341111788, vstest.console.dll, TestRunRequest.WaitForCompletion: Waiting with timeout -1.
TpTrace Verbose: 0 : 12012, 6, 2021/07/13, 10:22:47.396, 1323341113696, vstest.console.dll, TestRunRequest:SendTestRunMessage: Starting.
TpTrace Information: 0 : 12012, 6, 2021/07/13, 10:22:47.396, 1323341114737, vstest.console.dll, TestRunRequest:SendTestRunMessage: Completed.
TpTrace Verbose: 0 : 12012, 6, 2021/07/13, 10:22:47.396, 1323341116272, vstest.console.dll, ProxyExecutionManager: Test host is always Lazy initialize.
TpTrace Verbose: 0 : 12012, 6, 2021/07/13, 10:22:47.397, 1323341117987, vstest.console.dll, TestRequestSender.InitializeCommunication: initialize communication. 
TpTrace Information: 0 : 12012, 6, 2021/07/13, 10:22:47.397, 1323341121759, vstest.console.dll, SocketServer.Start: Listening on endpoint : 127.0.0.1:56899
TpTrace Verbose: 0 : 12012, 6, 2021/07/13, 10:22:47.397, 1323341127649, vstest.console.dll, DotnetTestHostmanager: Adding  --runtimeconfig "C:\Users\RafaelAlamanac\Desktop\GrillMaster\UnitTests\bin\Debug\net5.0\fine-code-coverage\build-output\UnitTests.runtimeconfig.json" in args
TpTrace Verbose: 0 : 12012, 6, 2021/07/13, 10:22:47.398, 1323341128655, vstest.console.dll, DotnetTestHostmanager: Adding  --depsfile "C:\Users\RafaelAlamanac\Desktop\GrillMaster\UnitTests\bin\Debug\net5.0\fine-code-coverage\build-output\UnitTests.deps.json" in args
TpTrace Verbose: 0 : 12012, 6, 2021/07/13, 10:22:47.398, 1323341130258, vstest.console.dll, DotnetTestHostManager: Testhost.exe/testhost.x86.exe found at path: C:\Users\RafaelAlamanac\Desktop\GrillMaster\UnitTests\bin\Debug\net5.0\fine-code-coverage\build-output\testhost.exe
TpTrace Verbose: 0 : 12012, 6, 2021/07/13, 10:22:47.398, 1323341130671, vstest.console.dll, DotnetTestHostmanager: Full path of host exe is C:\Users\RafaelAlamanac\Desktop\GrillMaster\UnitTests\bin\Debug\net5.0\fine-code-coverage\build-output\testhost.exe
TpTrace Verbose: 0 : 12012, 4, 2021/07/13, 10:22:47.399, 1323341138430, vstest.console.dll, DotnetTestHostManager: Starting process 'C:\Users\RafaelAlamanac\Desktop\GrillMaster\UnitTests\bin\Debug\net5.0\fine-code-coverage\build-output\testhost.exe' with command line ' --runtimeconfig "C:\Users\RafaelAlamanac\Desktop\GrillMaster\UnitTests\bin\Debug\net5.0\fine-code-coverage\build-output\UnitTests.runtimeconfig.json" --depsfile "C:\Users\RafaelAlamanac\Desktop\GrillMaster\UnitTests\bin\Debug\net5.0\fine-code-coverage\build-output\UnitTests.deps.json" --port 56899 --endpoint 127.0.0.1:056899 --role client --parentprocessid 12012 --diag "C:\Users\RafaelAlamanac\Desktop\GrillMaster\UnitTests\bin\Debug\net5.0\fine-code-coverage\coverage-tool-output\diagnostics.host.21-07-13_10-22-47_39762_6.log" --tracelevel 4 --datacollectionport 56898 --telemetryoptedin false'
TpTrace Verbose: 0 : 12012, 4, 2021/07/13, 10:22:47.404, 1323341189766, vstest.console.dll, Test Runtime launched
TpTrace Verbose: 0 : 12012, 6, 2021/07/13, 10:22:47.404, 1323341195855, vstest.console.dll, TestRequestSender.WaitForRequestHandlerConnection: waiting for connection with timeout: 90000
TpTrace Verbose: 0 : 12012, 4, 2021/07/13, 10:22:47.549, 1323342640467, vstest.console.dll, SocketServer.OnClientConnected: Client connected for endPoint: 127.0.0.1:56899, starting MessageLoopAsync:
TpTrace Verbose: 0 : 12012, 4, 2021/07/13, 10:22:47.549, 1323342642537, vstest.console.dll, TcpClientExtensions.MessageLoopAsync: Polling on remoteEndPoint: 127.0.0.1:56900 localEndPoint: 127.0.0.1:56899
TpTrace Verbose: 0 : 12012, 4, 2021/07/13, 10:22:47.662, 1323343776161, vstest.console.dll, TcpClientExtensions.MessageLoopAsync: NotifyDataAvailable remoteEndPoint: 127.0.0.1:56900 localEndPoint: 127.0.0.1:56899
TpTrace Verbose: 0 : 12012, 4, 2021/07/13, 10:22:47.663, 1323343778509, vstest.console.dll, TestRequestSender.CheckVersionWithTestHost: onMessageReceived received message: (ProtocolVersion) -> 3
TpTrace Verbose: 0 : 12012, 4, 2021/07/13, 10:22:47.663, 1323343781817, vstest.console.dll, TcpClientExtensions.MessageLoopAsync: Polling on remoteEndPoint: 127.0.0.1:56900 localEndPoint: 127.0.0.1:56899
TpTrace Verbose: 0 : 12012, 6, 2021/07/13, 10:22:47.663, 1323343783156, vstest.console.dll, TestPluginCache.GetExtensionPaths: Filtered extension paths: 
TpTrace Verbose: 0 : 12012, 6, 2021/07/13, 10:22:47.663, 1323343783745, vstest.console.dll, TestPluginCache.GetExtensionPaths: Added default extension paths: C:\Program Files\dotnet\sdk\5.0.200\Extensions\Microsoft.Diagnostics.NETCore.Client.dll
C:\Program Files\dotnet\sdk\5.0.200\Extensions\Microsoft.TestPlatform.Extensions.BlameDataCollector.dll
C:\Program Files\dotnet\sdk\5.0.200\Extensions\Microsoft.TestPlatform.Extensions.EventLogCollector.dll
C:\Program Files\dotnet\sdk\5.0.200\Extensions\Microsoft.TestPlatform.TestHostRuntimeProvider.dll
C:\Program Files\dotnet\sdk\5.0.200\Extensions\Microsoft.VisualStudio.TestPlatform.Extensions.Html.TestLogger.dll
C:\Program Files\dotnet\sdk\5.0.200\Extensions\Microsoft.VisualStudio.TestPlatform.Extensions.Trx.TestLogger.dll
TpTrace Verbose: 0 : 12012, 6, 2021/07/13, 10:22:47.663, 1323343784150, vstest.console.dll, TestPluginCache.GetExtensionPaths: Added unfilterableExtensionPaths: 
TpTrace Verbose: 0 : 12012, 6, 2021/07/13, 10:22:47.666, 1323343808139, vstest.console.dll, TestRequestSender.InitializeExecution: Sending initializing execution with message: {"Version":3,"MessageType":"TestExecution.Initialize","Payload":["C:\\Users\\RafaelAlamanac\\Desktop\\GrillMaster\\UnitTests\\bin\\Debug\\net5.0\\fine-code-coverage\\build-output\\xunit.runner.visualstudio.dotnetcore.testadapter.dll"]}
TpTrace Verbose: 0 : 12012, 6, 2021/07/13, 10:22:47.671, 1323343864426, vstest.console.dll, TestRequestSender.StartTestRun: Sending test run with message: {"Version":3,"MessageType":"TestExecution.StartWithSources","Payload":{"AdapterSourceMap":{"_none_":["C:\\Users\\RafaelAlamanac\\Desktop\\GrillMaster\\UnitTests\\bin\\Debug\\net5.0\\fine-code-coverage\\build-output\\UnitTests.dll"]},"RunSettings":"<RunSettings>\r\n  <RunConfiguration>\r\n    <ResultsDirectory>C:\\Users\\RafaelAlamanac\\Desktop\\GrillMaster\\UnitTests\\bin\\Debug\\net5.0\\fine-code-coverage\\coverage-tool-output</ResultsDirectory>\r\n    <TargetPlatform>X64</TargetPlatform>\r\n    <TargetFrameworkVersion>.NETCoreApp,Version=v5.0</TargetFrameworkVersion>\r\n    <DesignMode>False</DesignMode>\r\n    <CollectSourceInformation>False</CollectSourceInformation>\r\n  </RunConfiguration>\r\n  <LoggerRunSettings>\r\n    <Loggers>\r\n      <Logger friendlyName=\"blame\" enabled=\"True\" />\r\n      <Logger friendlyName=\"Console\" uri=\"logger://microsoft/TestPlatform/ConsoleLogger/v1\" assemblyQualifiedName=\"Microsoft.VisualStudio.TestPlatform.CommandLine.Internal.ConsoleLogger, vstest.console, Version=15.0.0.0, Culture=neutral, PublicKeyToken=b03f5f7f11d50a3a\" codeBase=\"C:\\Program Files\\dotnet\\sdk\\5.0.200\\vstest.console.dll\" enabled=\"True\" />\r\n    </Loggers>\r\n  </LoggerRunSettings>\r\n  <DataCollectionRunSettings>\r\n    <DataCollectors>\r\n      <DataCollector friendlyName=\"blame\" enabled=\"True\">\r\n        <Configuration>\r\n          <ResultsDirectory>C:\\Users\\RafaelAlamanac\\Desktop\\GrillMaster\\UnitTests\\bin\\Debug\\net5.0\\fine-code-coverage\\coverage-tool-output</ResultsDirectory>\r\n        </Configuration>\r\n      </DataCollector>\r\n    </DataCollectors>\r\n  </DataCollectionRunSettings>\r\n</RunSettings>","TestExecutionContext":{"FrequencyOfRunStatsChangeEvent":10,"RunStatsChangeEventTimeout":"00:00:01.5000000","InIsolation":false,"KeepAlive":false,"AreTestCaseLevelEventsRequired":false,"IsDebug":false,"TestCaseFilter":null,"FilterOptions":null},"Package":null}}
TpTrace Verbose: 0 : 12012, 4, 2021/07/13, 10:22:47.673, 1323343885278, vstest.console.dll, TcpClientExtensions.MessageLoopAsync: NotifyDataAvailable remoteEndPoint: 127.0.0.1:56900 localEndPoint: 127.0.0.1:56899
TpTrace Verbose: 0 : 12012, 4, 2021/07/13, 10:22:47.673, 1323343886432, vstest.console.dll, TestRequestSender.OnExecutionMessageReceived: Received message: {"Version":3,"MessageType":"TestSession.Message","Payload":{"MessageLevel":0,"Message":"Registrando diagn√≥stico de TestHost en el archivo: C:\\Users\\RafaelAlamanac\\Desktop\\GrillMaster\\UnitTests\\bin\\Debug\\net5.0\\fine-code-coverage\\coverage-tool-output\\diagnostics.host.21-07-13_10-22-47_39762_6.log"}}
TpTrace Verbose: 0 : 12012, 4, 2021/07/13, 10:22:47.675, 1323343900097, vstest.console.dll, TestRunRequest:SendTestRunMessage: Starting.
TpTrace Information: 0 : 12012, 4, 2021/07/13, 10:22:47.675, 1323343901000, vstest.console.dll, TestRunRequest:SendTestRunMessage: Completed.
TpTrace Verbose: 0 : 12012, 4, 2021/07/13, 10:22:47.675, 1323343901336, vstest.console.dll, TcpClientExtensions.MessageLoopAsync: Polling on remoteEndPoint: 127.0.0.1:56900 localEndPoint: 127.0.0.1:56899
TpTrace Verbose: 0 : 12012, 4, 2021/07/13, 10:22:47.798, 1323345130365, vstest.console.dll, TcpClientExtensions.MessageLoopAsync: NotifyDataAvailable remoteEndPoint: 127.0.0.1:56900 localEndPoint: 127.0.0.1:56899
TpTrace Verbose: 0 : 12012, 4, 2021/07/13, 10:22:47.798, 1323345131606, vstest.console.dll, TestRequestSender.OnExecutionMessageReceived: Received message: {"Version":3,"MessageType":"TestSession.Message","Payload":{"MessageLevel":0,"Message":"[xUnit.net 00:00:00.00] xUnit.net VSTest Adapter v2.4.3+1b45f5407b (64-bit .NET 5.0.3)"}}
TpTrace Verbose: 0 : 12012, 4, 2021/07/13, 10:22:47.798, 1323345133717, vstest.console.dll, TestRunRequest:SendTestRunMessage: Starting.
TpTrace Information: 0 : 12012, 4, 2021/07/13, 10:22:47.798, 1323345134212, vstest.console.dll, TestRunRequest:SendTestRunMessage: Completed.
TpTrace Verbose: 0 : 12012, 4, 2021/07/13, 10:22:47.798, 1323345134576, vstest.console.dll, TcpClientExtensions.MessageLoopAsync: Polling on remoteEndPoint: 127.0.0.1:56900 localEndPoint: 127.0.0.1:56899
TpTrace Verbose: 0 : 12012, 4, 2021/07/13, 10:22:48.106, 1323348213166, vstest.console.dll, TcpClientExtensions.MessageLoopAsync: NotifyDataAvailable remoteEndPoint: 127.0.0.1:56900 localEndPoint: 127.0.0.1:56899
TpTrace Verbose: 0 : 12012, 4, 2021/07/13, 10:22:48.106, 1323348214234, vstest.console.dll, TestRequestSender.OnExecutionMessageReceived: Received message: {"Version":3,"MessageType":"TestSession.Message","Payload":{"MessageLevel":0,"Message":"[xUnit.net 00:00:00.31]   Discovering: UnitTests"}}
TpTrace Verbose: 0 : 12012, 4, 2021/07/13, 10:22:48.106, 1323348215896, vstest.console.dll, TestRunRequest:SendTestRunMessage: Starting.
TpTrace Information: 0 : 12012, 4, 2021/07/13, 10:22:48.106, 1323348216339, vstest.console.dll, TestRunRequest:SendTestRunMessage: Completed.
TpTrace Verbose: 0 : 12012, 4, 2021/07/13, 10:22:48.106, 1323348216624, vstest.console.dll, TcpClientExtensions.MessageLoopAsync: Polling on remoteEndPoint: 127.0.0.1:56900 localEndPoint: 127.0.0.1:56899
TpTrace Verbose: 0 : 12012, 4, 2021/07/13, 10:22:48.134, 1323348496586, vstest.console.dll, TcpClientExtensions.MessageLoopAsync: NotifyDataAvailable remoteEndPoint: 127.0.0.1:56900 localEndPoint: 127.0.0.1:56899
TpTrace Verbose: 0 : 12012, 4, 2021/07/13, 10:22:48.134, 1323348497509, vstest.console.dll, TestRequestSender.OnExecutionMessageReceived: Received message: {"Version":3,"MessageType":"TestSession.Message","Payload":{"MessageLevel":0,"Message":"[xUnit.net 00:00:00.34]   Discovered:  UnitTests"}}
TpTrace Verbose: 0 : 12012, 4, 2021/07/13, 10:22:48.135, 1323348498868, vstest.console.dll, TestRunRequest:SendTestRunMessage: Starting.
TpTrace Information: 0 : 12012, 4, 2021/07/13, 10:22:48.135, 1323348499338, vstest.console.dll, TestRunRequest:SendTestRunMessage: Completed.
TpTrace Verbose: 0 : 12012, 4, 2021/07/13, 10:22:48.135, 1323348499638, vstest.console.dll, TcpClientExtensions.MessageLoopAsync: Polling on remoteEndPoint: 127.0.0.1:56900 localEndPoint: 127.0.0.1:56899
TpTrace Verbose: 0 : 12012, 4, 2021/07/13, 10:22:48.136, 1323348517232, vstest.console.dll, TcpClientExtensions.MessageLoopAsync: NotifyDataAvailable remoteEndPoint: 127.0.0.1:56900 localEndPoint: 127.0.0.1:56899
TpTrace Verbose: 0 : 12012, 4, 2021/07/13, 10:22:48.136, 1323348517765, vstest.console.dll, TestRequestSender.OnExecutionMessageReceived: Received message: {"Version":3,"MessageType":"TestSession.Message","Payload":{"MessageLevel":0,"Message":"[xUnit.net 00:00:00.34]   Starting:    UnitTests"}}
TpTrace Verbose: 0 : 12012, 4, 2021/07/13, 10:22:48.137, 1323348518632, vstest.console.dll, TestRunRequest:SendTestRunMessage: Starting.
TpTrace Information: 0 : 12012, 4, 2021/07/13, 10:22:48.137, 1323348519034, vstest.console.dll, TestRunRequest:SendTestRunMessage: Completed.
TpTrace Verbose: 0 : 12012, 4, 2021/07/13, 10:22:48.137, 1323348519272, vstest.console.dll, TcpClientExtensions.MessageLoopAsync: Polling on remoteEndPoint: 127.0.0.1:56900 localEndPoint: 127.0.0.1:56899
TpTrace Verbose: 0 : 12012, 4, 2021/07/13, 10:22:48.290, 1323350051179, vstest.console.dll, TcpClientExtensions.MessageLoopAsync: NotifyDataAvailable remoteEndPoint: 127.0.0.1:56900 localEndPoint: 127.0.0.1:56899
TpTrace Verbose: 0 : 12012, 4, 2021/07/13, 10:22:48.290, 1323350052311, vstest.console.dll, TestRequestSender.OnExecutionMessageReceived: Received message: {"Version":3,"MessageType":"TestSession.Message","Payload":{"MessageLevel":0,"Message":"[xUnit.net 00:00:00.50]   Finished:    UnitTests"}}
TpTrace Verbose: 0 : 12012, 4, 2021/07/13, 10:22:48.290, 1323350054126, vstest.console.dll, TestRunRequest:SendTestRunMessage: Starting.
TpTrace Information: 0 : 12012, 4, 2021/07/13, 10:22:48.290, 1323350054579, vstest.console.dll, TestRunRequest:SendTestRunMessage: Completed.
TpTrace Verbose: 0 : 12012, 4, 2021/07/13, 10:22:48.290, 1323350054923, vstest.console.dll, TcpClientExtensions.MessageLoopAsync: Polling on remoteEndPoint: 127.0.0.1:56900 localEndPoint: 127.0.0.1:56899
TpTrace Verbose: 0 : 12012, 4, 2021/07/13, 10:22:48.315, 1323350307604, vstest.console.dll, TcpClientExtensions.MessageLoopAsync: NotifyDataAvailable remoteEndPoint: 127.0.0.1:56900 localEndPoint: 127.0.0.1:56899
TpTrace Verbose: 0 : 12012, 4, 2021/07/13, 10:22:48.316, 1323350310106, vstest.console.dll, TestRequestSender.OnExecutionMessageReceived: Received message: {"Version":3,"MessageType":"TestExecution.Completed","Payload":{"TestRunCompleteArgs":{"TestRunStatistics":{"ExecutedTests":3,"Stats":{"Passed":3}},"IsCanceled":false,"IsAborted":false,"Error":null,"AttachmentSets":[],"ElapsedTimeInRunningTests":"00:00:00.5088631","Metrics":{}},"LastRunTests":{"NewTestResults":[{"TestCase":{"Properties":[{"Key":{"Id":"TestCase.FullyQualifiedName","Label":"FullyQualifiedName","Category":"","Description":"","Attributes":1,"ValueType":"System.String"},"Value":"UnitTests.GrillMasterUnitTests.RequestDataFromMenuRequestService"},{"Key":{"Id":"TestCase.ExecutorUri","Label":"Executor Uri","Category":"","Description":"","Attributes":1,"ValueType":"System.Uri"},"Value":"executor://xunit/VsTestRunner2/netcoreapp"},{"Key":{"Id":"TestCase.Source","Label":"Source","Category":"","Description":"","Attributes":0,"ValueType":"System.String"},"Value":"C:\\Users\\RafaelAlamanac\\Desktop\\GrillMaster\\UnitTests\\bin\\Debug\\net5.0\\fine-code-coverage\\build-output\\UnitTests.dll"},{"Key":{"Id":"TestCase.CodeFilePath","Label":"File Path","Category":"","Description":"","Attributes":0,"ValueType":"System.String"},"Value":null},{"Key":{"Id":"TestCase.DisplayName","Label":"Name","Category":"","Description":"","Attributes":0,"ValueType":"System.String"},"Value":"UnitTests.GrillMasterUnitTests.RequestDataFromMenuRequestService"},{"Key":{"Id":"TestCase.Id","Label":"Id","Category":"","Description":"","Attributes":1,"ValueType":"System.Guid"},"Value":"d6a06004-cda5-ae80-7219-66802a5a659d"},{"Key":{"Id":"TestCase.LineNumber","Label":"Line Number","Category":"","Description":"","Attributes":1,"ValueType":"System.Int32"},"Value":0}]},"Attachments":[],"Messages":[],"Properties":[{"Key":{"Id":"TestResult.Outcome","Label":"Outcome","Category":"","Description":"","Attributes":0,"ValueType":"Microsoft.VisualStudio.TestPlatform.ObjectModel.TestOutcome, Microsoft.VisualStudio.TestPlatform.ObjectModel, Version=15.0.0.0, Culture=neutral, PublicKeyToken=b03f5f7f11d50a3a"},"Value":1},{"Key":{"Id":"TestResult.ErrorMessage","Label":"Error Message","Category":"","Description":"","Attributes":0,"ValueType":"System.String"},"Value":null},{"Key":{"Id":"TestResult.ErrorStackTrace","Label":"Error Stack Trace","Category":"","Description":"","Attributes":0,"ValueType":"System.String"},"Value":null},{"Key":{"Id":"TestResult.DisplayName","Label":"TestResult Display Name","Category":"","Description":"","Attributes":1,"ValueType":"System.String"},"Value":"UnitTests.GrillMasterUnitTests.RequestDataFromMenuRequestService"},{"Key":{"Id":"TestResult.ComputerName","Label":"Computer Name","Category":"","Description":"","Attributes":0,"ValueType":"System.String"},"Value":"DESKTOP-GS2LDSL"},{"Key":{"Id":"TestResult.Duration","Label":"Duration","Category":"","Description":"","Attributes":0,"ValueType":"System.TimeSpan"},"Value":"00:00:00.0756992"},{"Key":{"Id":"TestResult.StartTime","Label":"Start Time","Category":"","Description":"","Attributes":0,"ValueType":"System.DateTimeOffset"},"Value":"2021-07-13T08:22:48.2652871+00:00"},{"Key":{"Id":"TestResult.EndTime","Label":"End Time","Category":"","Description":"","Attributes":0,"ValueType":"System.DateTimeOffset"},"Value":"2021-07-13T08:22:48.2653566+00:00"}]},{"TestCase":{"Properties":[{"Key":{"Id":"TestCase.FullyQualifiedName","Label":"FullyQualifiedName","Category":"","Description":"","Attributes":1,"ValueType":"System.String"},"Value":"UnitTests.GrillMasterUnitTests.GenerateDataFromRoundGeneratorService"},{"Key":{"Id":"TestCase.ExecutorUri","Label":"Executor Uri","Category":"","Description":"","Attributes":1,"ValueType":"System.Uri"},"Value":"executor://xunit/VsTestRunner2/netcoreapp"},{"Key":{"Id":"TestCase.Source","Label":"Source","Category":"","Description":"","Attributes":0,"ValueType":"System.String"},"Value":"C:\\Users\\RafaelAlamanac\\Desktop\\GrillMaster\\UnitTests\\bin\\Debug\\net5.0\\fine-code-coverage\\build-output\\UnitTests.dll"},{"Key":{"Id":"TestCase.CodeFilePath","Label":"File Path","Category":"","Description":"","Attributes":0,"ValueType":"System.String"},"Value":null},{"Key":{"Id":"TestCase.DisplayName","Label":"Name","Category":"","Description":"","Attributes":0,"ValueType":"System.String"},"Value":"UnitTests.GrillMasterUnitTests.GenerateDataFromRoundGeneratorService"},{"Key":{"Id":"TestCase.Id","Label":"Id","Category":"","Description":"","Attributes":1,"ValueType":"System.Guid"},"Value":"91a294a4-fe02-e868-1637-3d99ce566bc8"},{"Key":{"Id":"TestCase.LineNumber","Label":"Line Number","Category":"","Description":"","Attributes":1,"ValueType":"System.Int32"},"Value":0}]},"Attachments":[],"Messages":[],"Properties":[{"Key":{"Id":"TestResult.Outcome","Label":"Outcome","Category":"","Description":"","Attributes":0,"ValueType":"Microsoft.VisualStudio.TestPlatform.ObjectModel.TestOutcome, Microsoft.VisualStudio.TestPlatform.ObjectModel, Version=15.0.0.0, Culture=neutral, PublicKeyToken=b03f5f7f11d50a3a"},"Value":1},{"Key":{"Id":"TestResult.ErrorMessage","Label":"Error Message","Category":"","Description":"","Attributes":0,"ValueType":"System.String"},"Value":null},{"Key":{"Id":"TestResult.ErrorStackTrace","Label":"Error Stack Trace","Category":"","Description":"","Attributes":0,"ValueType":"System.String"},"Value":null},{"Key":{"Id":"TestResult.DisplayName","Label":"TestResult Display Name","Category":"","Description":"","Attributes":1,"ValueType":"System.String"},"Value":"UnitTests.GrillMasterUnitTests.GenerateDataFromRoundGeneratorService"},{"Key":{"Id":"TestResult.ComputerName","Label":"Computer Name","Category":"","Description":"","Attributes":0,"ValueType":"System.String"},"Value":"DESKTOP-GS2LDSL"},{"Key":{"Id":"TestResult.Duration","Label":"Duration","Category":"","Description":"","Attributes":0,"ValueType":"System.TimeSpan"},"Value":"00:00:00.0185875"},{"Key":{"Id":"TestResult.StartTime","Label":"Start Time","Category":"","Description":"","Attributes":0,"ValueType":"System.DateTimeOffset"},"Value":"2021-07-13T08:22:48.2848543+00:00"},{"Key":{"Id":"TestResult.EndTime","Label":"End Time","Category":"","Description":"","Attributes":0,"ValueType":"System.DateTimeOffset"},"Value":"2021-07-13T08:22:48.2848555+00:00"}]},{"TestCase":{"Properties":[{"Key":{"Id":"TestCase.FullyQualifiedName","Label":"FullyQualifiedName","Category":"","Description":"","Attributes":1,"ValueType":"System.String"},"Value":"UnitTests.GrillMasterUnitTests.MapDataFromMockedMenus"},{"Key":{"Id":"TestCase.ExecutorUri","Label":"Executor Uri","Category":"","Description":"","Attributes":1,"ValueType":"System.Uri"},"Value":"executor://xunit/VsTestRunner2/netcoreapp"},{"Key":{"Id":"TestCase.Source","Label":"Source","Category":"","Description":"","Attributes":0,"ValueType":"System.String"},"Value":"C:\\Users\\RafaelAlamanac\\Desktop\\GrillMaster\\UnitTests\\bin\\Debug\\net5.0\\fine-code-coverage\\build-output\\UnitTests.dll"},{"Key":{"Id":"TestCase.CodeFilePath","Label":"File Path","Category":"","Description":"","Attributes":0,"ValueType":"System.String"},"Value":null},{"Key":{"Id":"TestCase.DisplayName","Label":"Name","Category":"","Description":"","Attributes":0,"ValueType":"System.String"},"Value":"UnitTests.GrillMasterUnitTests.MapDataFromMockedMenus"},{"Key":{"Id":"TestCase.Id","Label":"Id","Category":"","Description":"","Attributes":1,"ValueType":"System.Guid"},"Value":"394b3854-6597-94c0-1db6-50dedde54cc2"},{"Key":{"Id":"TestCase.LineNumber","Label":"Line Number","Category":"","Description":"","Attributes":1,"ValueType":"System.Int32"},"Value":0}]},"Attachments":[],"Messages":[],"Properties":[{"Key":{"Id":"TestResult.Outcome","Label":"Outcome","Category":"","Description":"","Attributes":0,"ValueType":"Microsoft.VisualStudio.TestPlatform.ObjectModel.TestOutcome, Microsoft.VisualStudio.TestPlatform.ObjectModel, Version=15.0.0.0, Culture=neutral, PublicKeyToken=b03f5f7f11d50a3a"},"Value":1},{"Key":{"Id":"TestResult.ErrorMessage","Label":"Error Message","Category":"","Description":"","Attributes":0,"ValueType":"System.String"},"Value":null},{"Key":{"Id":"TestResult.ErrorStackTrace","Label":"Error Stack Trace","Category":"","Description":"","Attributes":0,"ValueType":"System.String"},"Value":null},{"Key":{"Id":"TestResult.DisplayName","Label":"TestResult Display Name","Category":"","Description":"","Attributes":1,"ValueType":"System.String"},"Value":"UnitTests.GrillMasterUnitTests.MapDataFromMockedMenus"},{"Key":{"Id":"TestResult.ComputerName","Label":"Computer Name","Category":"","Description":"","Attributes":0,"ValueType":"System.String"},"Value":"DESKTOP-GS2LDSL"},{"Key":{"Id":"TestResult.Duration","Label":"Duration","Category":"","Description":"","Attributes":0,"ValueType":"System.TimeSpan"},"Value":"00:00:00.0009827"},{"Key":{"Id":"TestResult.StartTime","Label":"Start Time","Category":"","Description":"","Attributes":0,"ValueType":"System.DateTimeOffset"},"Value":"2021-07-13T08:22:48.2867481+00:00"},{"Key":{"Id":"TestResult.EndTime","Label":"End Time","Category":"","Description":"","Attributes":0,"ValueType":"System.DateTimeOffset"},"Value":"2021-07-13T08:22:48.2867491+00:00"}]}],"TestRunStatistics":{"ExecutedTests":3,"Stats":{"Passed":3}},"ActiveTests":[]},"RunAttachments":[],"ExecutorUris":["executor://xunit/VsTestRunner2/netcoreapp"]}}
TpTrace Verbose: 0 : 12012, 4, 2021/07/13, 10:22:48.316, 1323350315823, vstest.console.dll, TestRequestSender.EndSession: Sending end session.
TpTrace Verbose: 0 : 12012, 4, 2021/07/13, 10:22:48.316, 1323350316771, vstest.console.dll, ProxyOperationManager.Close: waiting for test host to exit for 100 ms
TpTrace Warning: 0 : 12012, 10, 2021/07/13, 10:22:48.348, 1323350629788, vstest.console.dll, TestHostManagerCallbacks.ErrorReceivedCallback Test host standard error line: 
TpTrace Verbose: 0 : 12012, 7, 2021/07/13, 10:22:48.355, 1323350699423, vstest.console.dll, TestHostProvider.ExitCallBack: Host exited starting callback.
TpTrace Information: 0 : 12012, 7, 2021/07/13, 10:22:48.355, 1323350703416, vstest.console.dll, TestHostManagerCallbacks.ExitCallBack: Testhost processId: 18752 exited with exitcode: 0 error: ''
TpTrace Verbose: 0 : 12012, 7, 2021/07/13, 10:22:48.355, 1323350703851, vstest.console.dll, DotnetTestHostManager.OnHostExited: invoking OnHostExited callback
TpTrace Verbose: 0 : 12012, 7, 2021/07/13, 10:22:48.355, 1323350704240, vstest.console.dll, CrossPlatEngine.TestHostManagerHostExited: calling on client process exit callback.
TpTrace Information: 0 : 12012, 7, 2021/07/13, 10:22:48.355, 1323350704667, vstest.console.dll, TestRequestSender.OnClientProcessExit: Test host process exited. Standard error: 
TpTrace Warning: 0 : 12012, 4, 2021/07/13, 10:22:48.355, 1323350704724, vstest.console.dll, ProxyOperationManager: Timed out waiting for test host to exit. Will terminate process.
TpTrace Information: 0 : 12012, 7, 2021/07/13, 10:22:48.355, 1323350705040, vstest.console.dll, SocketServer.Stop: Stop server endPoint: 127.0.0.1:56899
TpTrace Information: 0 : 12012, 7, 2021/07/13, 10:22:48.355, 1323350706133, vstest.console.dll, SocketServer.Stop: Cancellation requested. Stopping message loop.
TpTrace Verbose: 0 : 12012, 4, 2021/07/13, 10:22:48.356, 1323350712246, vstest.console.dll, ProxyDataCollectionManager.InvokeDataCollectionServiceAction: Starting.
TpTrace Information: 0 : 12012, 4, 2021/07/13, 10:22:48.356, 1323350712628, vstest.console.dll, ProxyDataCollectionManager.AfterTestRunEnd: Get attachment set for datacollector processId: 3408 port: 56896
TpTrace Verbose: 0 : 12012, 4, 2021/07/13, 10:22:48.356, 1323350712975, vstest.console.dll, DataCollectionRequestSender.SendAfterTestRunStartAndGetResult : Send AfterTestRunEnd message with isCancelled: False
TpTrace Verbose: 0 : 12012, 4, 2021/07/13, 10:22:48.359, 1323350742693, vstest.console.dll, DataCollectionRequestSender.SendAfterTestRunStartAndGetResult : Received message: (DataCollection.AfterTestRunEndResult) -> {
  "AttachmentSets": [],
  "Metrics": {}
}
TpTrace Information: 0 : 12012, 4, 2021/07/13, 10:22:48.362, 1323350770538, vstest.console.dll, ProxyDataCollectionManager.InvokeDataCollectionServiceAction: Completed.
TpTrace Warning: 0 : 12012, 9, 2021/07/13, 10:22:48.365, 1323350799738, vstest.console.dll, DataCollectionLauncher.ErrorReceivedCallback datacollector standard error line: 
TpTrace Information: 0 : 12012, 7, 2021/07/13, 10:22:48.369, 1323350844402, vstest.console.dll, DataCollectionLauncher.ExitCallBack: Data collector exited with exitcode: 0 error: ''
TpTrace Verbose: 0 : 12012, 4, 2021/07/13, 10:22:48.397, 1323351123325, vstest.console.dll, TestRunRequest:SendTestRunStatsChange: Starting.
TpTrace Information: 0 : 12012, 4, 2021/07/13, 10:22:48.397, 1323351125021, vstest.console.dll, TestRunRequest:SendTestRunStatsChange: Completed.
TpTrace Verbose: 0 : 12012, 4, 2021/07/13, 10:22:48.397, 1323351126155, vstest.console.dll, ParallelProxyExecutionManager: HandlePartialRunComplete: Total completed clients = 1, Run complete = True, Run canceled: False.
TpTrace Verbose: 0 : 12012, 4, 2021/07/13, 10:22:48.406, 1323351210217, vstest.console.dll, TestRunRequest:TestRunComplete: Starting. IsAborted:False IsCanceled:False.
TpTrace Verbose: 0 : 12012, 4, 2021/07/13, 10:22:48.406, 1323351211360, vstest.console.dll, TestLoggerManager.HandleTestRunComplete: Ignoring as the object is disposed.
TpTrace Information: 0 : 12012, 4, 2021/07/13, 10:22:48.406, 1323351213074, vstest.console.dll, TestRunRequest:TestRunComplete: Completed.
TpTrace Verbose: 0 : 12012, 4, 2021/07/13, 10:22:48.406, 1323351213409, vstest.console.dll, TestRequestSender.SetOperationComplete: Setting operation complete.
TpTrace Information: 0 : 12012, 4, 2021/07/13, 10:22:48.406, 1323351213646, vstest.console.dll, SocketServer.Stop: Stop server endPoint: 127.0.0.1:56899
TpTrace Verbose: 0 : 12012, 1, 2021/07/13, 10:22:48.406, 1323351213733, vstest.console.dll, TestRunRequest.Dispose: Starting.
TpTrace Information: 0 : 12012, 1, 2021/07/13, 10:22:48.406, 1323351214234, vstest.console.dll, TestRunRequest.Dispose: Completed.
TpTrace Information: 0 : 12012, 4, 2021/07/13, 10:22:48.406, 1323351213824, vstest.console.dll, SocketServer.Stop: Cancellation requested. Stopping message loop.
TpTrace Information: 0 : 12012, 1, 2021/07/13, 10:22:48.406, 1323351214527, vstest.console.dll, TestRequestManager.RunTests: run tests completed.
TpTrace Information: 0 : 12012, 4, 2021/07/13, 10:22:48.406, 1323351214946, vstest.console.dll, SocketServer.PrivateStop: Stop server endPoint: 127.0.0.1:56899 error: 
TpTrace Information: 0 : 12012, 1, 2021/07/13, 10:22:48.406, 1323351215463, vstest.console.dll, RunTestsArgumentProcessor:Execute: Test run is completed.
TpTrace Verbose: 0 : 12012, 1, 2021/07/13, 10:22:48.406, 1323351217227, vstest.console.dll, Executor.Execute: Exiting with exit code of 0
TpTrace Verbose: 0 : 12012, 4, 2021/07/13, 10:22:48.407, 1323351218967, vstest.console.dll, LengthPrefixCommunicationChannel.Dispose: Dispose reader and writer.
TpTrace Information: 0 : 12012, 4, 2021/07/13, 10:22:48.407, 1323351219545, vstest.console.dll, SocketServer.Stop: Raise disconnected event endPoint: 127.0.0.1:56899 error: 
TpTrace Verbose: 0 : 12012, 4, 2021/07/13, 10:22:48.411, 1323351261868, vstest.console.dll, TestRequestSender: OnTestRunAbort: Operation is already complete. Skip error message.
TpTrace Verbose: 0 : 12012, 4, 2021/07/13, 10:22:48.411, 1323351262360, vstest.console.dll, TcpClientExtensions.MessageLoopAsync: exiting MessageLoopAsync remoteEndPoint: 127.0.0.1:56900 localEndPoint: 127.0.0.1:56899
